[12:49:55.751] BrandHider was chosen not to be enabled.
[12:49:55.793] LogBot was chosen not to be enabled.
[12:49:55.793] ClientControl.BetterSprinting was chosen not to be enabled.
[12:49:55.793] ClientControl.DamageIndicator was chosen not to be enabled.
[12:49:55.793] ClientControl.5zig was chosen not to be enabled.
[12:49:55.793] ClientControl.Forge was chosen not to be enabled.
[12:49:55.794] ClientControl.LabyMod was chosen not to be enabled.
[12:49:55.794] ClientControl.LiteLoader was chosen not to be enabled.
[12:49:55.794] ClientControl.OldLabyMod was chosen not to be enabled.
[12:49:55.794] ClientControl.PXMod was chosen not to be enabled.
[12:49:55.795] ClientControl.Schematica was chosen not to be enabled.
[12:49:55.796] ClientControl.Vape has been enabled.
[12:49:55.797] ClientControl.VersionControl was chosen not to be enabled.
[12:49:55.799] ClientControl.WorldDownloader has been enabled.
[12:49:55.799] AutoFish is not compatible with your server version.
[12:49:55.800] AutoPotion is not compatible with your server version.
[12:49:55.800] Esp was chosen not to be enabled.
[12:49:55.813] Fastswitch has been enabled.
[12:49:55.813] ImpossibleChat has been enabled.
[12:49:55.813] Inventory was chosen not to be enabled.
[12:49:55.813] KillauraEntity was chosen not to be enabled.
[12:49:55.815] PacketAnalysis has been enabled.
[12:49:55.817] Pingspoof has been enabled.
[12:49:55.818] Scaffold has been enabled.
[12:49:55.818] Skinblinker has been enabled.
[12:49:55.819] Teaming was chosen not to be enabled.
[12:49:55.819] Tower has been enabled.
[12:51:22.883] AACAdditionPro disabled.
[12:51:22.884]  
[12:57:24.567] BrandHider was chosen not to be enabled.
[12:57:24.577] LogBot was chosen not to be enabled.
[12:57:24.577] ClientControl.BetterSprinting was chosen not to be enabled.
[12:57:24.578] ClientControl.DamageIndicator was chosen not to be enabled.
[12:57:24.579] ClientControl.5zig was chosen not to be enabled.
[12:57:24.579] ClientControl.Forge was chosen not to be enabled.
[12:57:24.579] ClientControl.LabyMod was chosen not to be enabled.
[12:57:24.580] ClientControl.LiteLoader was chosen not to be enabled.
[12:57:24.581] ClientControl.OldLabyMod was chosen not to be enabled.
[12:57:24.581] ClientControl.PXMod was chosen not to be enabled.
[12:57:24.581] ClientControl.Schematica was chosen not to be enabled.
[12:57:24.584] ClientControl.Vape has been enabled.
[12:57:24.585] ClientControl.VersionControl was chosen not to be enabled.
[12:57:24.586] ClientControl.WorldDownloader has been enabled.
[12:57:24.587] AutoFish is not compatible with your server version.
[12:57:24.587] AutoPotion is not compatible with your server version.
[12:57:24.587] Esp was chosen not to be enabled.
[12:57:24.588] Fastswitch has been enabled.
[12:57:24.589] ImpossibleChat has been enabled.
[12:57:24.589] Inventory was chosen not to be enabled.
[12:57:24.589] KillauraEntity was chosen not to be enabled.
[12:57:24.590] PacketAnalysis has been enabled.
[12:57:24.592] Pingspoof has been enabled.
[12:57:24.593] Scaffold has been enabled.
[12:57:24.594] Skinblinker has been enabled.
[12:57:24.594] Teaming was chosen not to be enabled.
[12:57:24.594] Tower has been enabled.
[12:59:00.343] AACAdditionPro disabled.
[12:59:00.344]  
[13:02:36.971] BrandHider was chosen not to be enabled.
[13:02:36.980] LogBot was chosen not to be enabled.
[13:02:36.981] ClientControl.BetterSprinting was chosen not to be enabled.
[13:02:36.981] ClientControl.DamageIndicator was chosen not to be enabled.
[13:02:36.981] ClientControl.5zig was chosen not to be enabled.
[13:02:36.981] ClientControl.Forge was chosen not to be enabled.
[13:02:36.982] ClientControl.LabyMod was chosen not to be enabled.
[13:02:36.982] ClientControl.LiteLoader was chosen not to be enabled.
[13:02:36.982] ClientControl.OldLabyMod was chosen not to be enabled.
[13:02:36.982] ClientControl.PXMod was chosen not to be enabled.
[13:02:36.982] ClientControl.Schematica was chosen not to be enabled.
[13:02:36.984] ClientControl.Vape has been enabled.
[13:02:36.984] ClientControl.VersionControl was chosen not to be enabled.
[13:02:36.986] ClientControl.WorldDownloader has been enabled.
[13:02:36.986] AutoFish is not compatible with your server version.
[13:02:36.986] AutoPotion is not compatible with your server version.
[13:02:36.986] Esp was chosen not to be enabled.
[13:02:36.987] Fastswitch has been enabled.
[13:02:36.988] ImpossibleChat has been enabled.
[13:02:36.988] Inventory was chosen not to be enabled.
[13:02:36.988] KillauraEntity was chosen not to be enabled.
[13:02:36.990] PacketAnalysis has been enabled.
[13:02:36.992] Pingspoof has been enabled.
[13:02:36.993] Scaffold has been enabled.
[13:02:36.994] Skinblinker has been enabled.
[13:02:36.994] Teaming was chosen not to be enabled.
[13:02:36.994] Tower has been enabled.
[13:03:07.965] PacketAnalysisData-Verbose | Player: ZERA_ sent equal rotations.
[13:03:07.982] ZERA_ failed PacketAnalysis | Vl: 1 | TPS: 20.0 | Ping: 1
[13:03:10.492] PacketAnalysisData-Verbose | Player: ZERA_ sent equal rotations.
[13:03:10.492] ZERA_ failed PacketAnalysis | Vl: 2 | TPS: 16.66 | Ping: 0
[13:03:10.496] PacketAnalysisData-Verbose | Player: ZERA_ sent equal rotations.
[13:03:10.497] ZERA_ failed PacketAnalysis | Vl: 3 | TPS: 16.66 | Ping: 0
[13:03:10.546] PacketAnalysisData-Verbose | Player: ZERA_ sent equal rotations.
[13:03:10.547] ZERA_ failed PacketAnalysis | Vl: 4 | TPS: 16.94 | Ping: 0
[13:03:11.034] PacketAnalysisData-Verbose | Player: ZERA_ sent equal rotations.
[13:03:11.035] ZERA_ failed PacketAnalysis | Vl: 4 | TPS: 16.94 | Ping: 0
[13:03:21.567] PacketAnalysisData-Verbose | Player: ZERA_ sent equal rotations.
[13:03:21.568] ZERA_ failed PacketAnalysis | Vl: 4 | TPS: 20.0 | Ping: 0
[13:04:51.656] PacketAnalysisData-Verbose | Player: ZERA_ sent equal rotations.
[13:04:51.656] ZERA_ failed PacketAnalysis | Vl: 1 | TPS: 20.0 | Ping: 0
[13:06:16.369] AACAdditionPro disabled.
[13:06:16.369]  
[13:10:44.816] BrandHider was chosen not to be enabled.
[13:10:44.824] LogBot was chosen not to be enabled.
[13:10:44.825] ClientControl.BetterSprinting was chosen not to be enabled.
[13:10:44.825] ClientControl.DamageIndicator was chosen not to be enabled.
[13:10:44.825] ClientControl.5zig was chosen not to be enabled.
[13:10:44.825] ClientControl.Forge was chosen not to be enabled.
[13:10:44.826] ClientControl.LabyMod was chosen not to be enabled.
[13:10:44.826] ClientControl.LiteLoader was chosen not to be enabled.
[13:10:44.826] ClientControl.OldLabyMod was chosen not to be enabled.
[13:10:44.826] ClientControl.PXMod was chosen not to be enabled.
[13:10:44.827] ClientControl.Schematica was chosen not to be enabled.
[13:10:44.828] ClientControl.Vape has been enabled.
[13:10:44.828] ClientControl.VersionControl was chosen not to be enabled.
[13:10:44.830] ClientControl.WorldDownloader has been enabled.
[13:10:44.830] AutoFish is not compatible with your server version.
[13:10:44.830] AutoPotion is not compatible with your server version.
[13:10:44.831] Esp was chosen not to be enabled.
[13:10:44.831] Fastswitch has been enabled.
[13:10:44.832] ImpossibleChat has been enabled.
[13:10:44.832] Inventory was chosen not to be enabled.
[13:10:44.832] KillauraEntity was chosen not to be enabled.
[13:10:44.834] PacketAnalysis has been enabled.
[13:10:44.835] Pingspoof has been enabled.
[13:10:44.837] Scaffold has been enabled.
[13:10:44.838] Skinblinker has been enabled.
[13:10:44.838] Teaming was chosen not to be enabled.
[13:10:44.838] Tower has been enabled.
[13:11:25.479] PacketAnalysisData-Verbose | Player: ZERA_ sent equal rotations.
[13:11:25.482] ZERA_ failed PacketAnalysis | Vl: 1 | TPS: 19.60 | Ping: 0
[13:11:25.496] PacketAnalysisData-Verbose | Player: ZERA_ sent equal rotations.
[13:11:25.497] ZERA_ failed PacketAnalysis | Vl: 2 | TPS: 19.60 | Ping: 0
[13:11:25.545] PacketAnalysisData-Verbose | Player: ZERA_ sent equal rotations.
[13:11:25.546] ZERA_ failed PacketAnalysis | Vl: 3 | TPS: 19.60 | Ping: 0
[13:13:19.410] ZERA_ failed PacketAnalysis | Vl: 20 | TPS: 20.0 | Ping: 19
[13:13:19.417] Executed command: aacstaffnotify ZERA_ in sky-pvp is suspected by PacketAnalysis
[13:13:19.417] Executed command: aacstaffnotify ZERA_ in sky-pvp is highly suspected by PacketAnalysis
[13:13:19.454] ZERA_ failed PacketAnalysis | Vl: 40 | TPS: 20.0 | Ping: 19
[13:13:19.462] Executed command: aackick ZERA_ Il tuo client ha inviatto pacchetti sospetti
[13:13:19.506] ZERA_ failed PacketAnalysis | Vl: 60 | TPS: 20.0 | Ping: 19
[13:13:19.560] ZERA_ failed PacketAnalysis | Vl: 80 | TPS: 20.0 | Ping: 19
[13:13:19.611] ZERA_ failed PacketAnalysis | Vl: 100 | TPS: 20.0 | Ping: 19
[13:13:19.659] ZERA_ failed PacketAnalysis | Vl: 120 | TPS: 20.0 | Ping: 19
[13:13:19.720] ZERA_ failed PacketAnalysis | Vl: 140 | TPS: 20.0 | Ping: 19
[13:13:19.764] ZERA_ failed PacketAnalysis | Vl: 160 | TPS: 20.0 | Ping: 19
[13:13:19.819] ZERA_ failed PacketAnalysis | Vl: 180 | TPS: 20.0 | Ping: 19
[13:13:19.864] ZERA_ failed PacketAnalysis | Vl: 200 | TPS: 20.0 | Ping: 19
[13:13:19.924] ZERA_ failed PacketAnalysis | Vl: 220 | TPS: 20.0 | Ping: 19
[13:13:19.963] ZERA_ failed PacketAnalysis | Vl: 240 | TPS: 20.0 | Ping: 19
[13:13:20.013] ZERA_ failed PacketAnalysis | Vl: 260 | TPS: 20.0 | Ping: 19
[13:13:20.063] ZERA_ failed PacketAnalysis | Vl: 280 | TPS: 20.0 | Ping: 19
[13:13:20.114] ZERA_ failed PacketAnalysis | Vl: 300 | TPS: 20.0 | Ping: 19
[13:13:20.215] ZERA_ failed PacketAnalysis | Vl: 320 | TPS: 19.60 | Ping: 19
[13:13:20.421] ZERA_ failed PacketAnalysis | Vl: 340 | TPS: 20.0 | Ping: 19
[13:13:21.030] ZERA_ failed PacketAnalysis | Vl: 360 | TPS: 20.0 | Ping: 14
[13:13:21.091] ZERA_ failed PacketAnalysis | Vl: 380 | TPS: 20.0 | Ping: 14
[13:13:21.131] ZERA_ failed PacketAnalysis | Vl: 400 | TPS: 20.0 | Ping: 14
[13:13:21.177] ZERA_ failed PacketAnalysis | Vl: 420 | TPS: 20.0 | Ping: 14
[13:13:21.227] ZERA_ failed PacketAnalysis | Vl: 440 | TPS: 20.0 | Ping: 14
[13:13:21.278] ZERA_ failed PacketAnalysis | Vl: 460 | TPS: 20.0 | Ping: 14
[13:13:21.328] ZERA_ failed PacketAnalysis | Vl: 480 | TPS: 20.0 | Ping: 14
[13:13:21.379] ZERA_ failed PacketAnalysis | Vl: 500 | TPS: 20.0 | Ping: 14
[13:13:21.427] ZERA_ failed PacketAnalysis | Vl: 520 | TPS: 20.0 | Ping: 14
[13:13:21.478] ZERA_ failed PacketAnalysis | Vl: 540 | TPS: 20.0 | Ping: 14
[13:13:21.527] ZERA_ failed PacketAnalysis | Vl: 560 | TPS: 20.0 | Ping: 14
[13:13:21.580] ZERA_ failed PacketAnalysis | Vl: 580 | TPS: 20.0 | Ping: 14
[13:13:21.625] ZERA_ failed PacketAnalysis | Vl: 600 | TPS: 20.0 | Ping: 14
[13:13:25.934] AACAdditionPro disabled.
[13:13:25.935]  
[13:14:20.630] BrandHider was chosen not to be enabled.
[13:14:20.639] LogBot was chosen not to be enabled.
[13:14:20.639] ClientControl.BetterSprinting was chosen not to be enabled.
[13:14:20.639] ClientControl.DamageIndicator was chosen not to be enabled.
[13:14:20.639] ClientControl.5zig was chosen not to be enabled.
[13:14:20.640] ClientControl.Forge was chosen not to be enabled.
[13:14:20.640] ClientControl.LabyMod was chosen not to be enabled.
[13:14:20.640] ClientControl.LiteLoader was chosen not to be enabled.
[13:14:20.641] ClientControl.OldLabyMod was chosen not to be enabled.
[13:14:20.641] ClientControl.PXMod was chosen not to be enabled.
[13:14:20.641] ClientControl.Schematica was chosen not to be enabled.
[13:14:20.643] ClientControl.Vape has been enabled.
[13:14:20.643] ClientControl.VersionControl was chosen not to be enabled.
[13:14:20.645] ClientControl.WorldDownloader has been enabled.
[13:14:20.645] AutoFish is not compatible with your server version.
[13:14:20.645] AutoPotion is not compatible with your server version.
[13:14:20.645] Esp was chosen not to be enabled.
[13:14:20.647] Fastswitch has been enabled.
[13:14:20.647] ImpossibleChat has been enabled.
[13:14:20.648] Inventory was chosen not to be enabled.
[13:14:20.648] KillauraEntity was chosen not to be enabled.
[13:14:20.649] PacketAnalysis has been enabled.
[13:14:20.651] Pingspoof has been enabled.
[13:14:20.652] Scaffold has been enabled.
[13:14:20.652] Skinblinker has been enabled.
[13:14:20.653] Teaming was chosen not to be enabled.
[13:14:20.653] Tower has been enabled.
[13:15:12.768] ZERA_ failed PacketAnalysis | Vl: 20 | TPS: 20.0 | Ping: 1
[13:15:12.819] ZERA_ failed PacketAnalysis | Vl: 40 | TPS: 20.0 | Ping: 1
[13:15:12.824] Executed command: aacstaffnotify ZERA_ in spawn is suspected by PacketAnalysis
[13:15:12.825] Executed command: aacstaffnotify ZERA_ in spawn is highly suspected by PacketAnalysis
[13:15:12.926] Executed command: aackick ZERA_ Il tuo client ha inviatto pacchetti sospetti
[13:15:48.482] AACAdditionPro disabled.
[13:15:48.482]  
[13:16:24.635] BrandHider was chosen not to be enabled.
[13:16:24.644] LogBot was chosen not to be enabled.
[13:16:24.644] ClientControl.BetterSprinting was chosen not to be enabled.
[13:16:24.645] ClientControl.DamageIndicator was chosen not to be enabled.
[13:16:24.645] ClientControl.5zig was chosen not to be enabled.
[13:16:24.645] ClientControl.Forge was chosen not to be enabled.
[13:16:24.645] ClientControl.LabyMod was chosen not to be enabled.
[13:16:24.646] ClientControl.LiteLoader was chosen not to be enabled.
[13:16:24.646] ClientControl.OldLabyMod was chosen not to be enabled.
[13:16:24.646] ClientControl.PXMod was chosen not to be enabled.
[13:16:24.647] ClientControl.Schematica was chosen not to be enabled.
[13:16:24.649] ClientControl.Vape has been enabled.
[13:16:24.649] ClientControl.VersionControl was chosen not to be enabled.
[13:16:24.651] ClientControl.WorldDownloader has been enabled.
[13:16:24.651] AutoFish is not compatible with your server version.
[13:16:24.652] AutoPotion is not compatible with your server version.
[13:16:24.652] Esp was chosen not to be enabled.
[13:16:24.653] Fastswitch has been enabled.
[13:16:24.653] ImpossibleChat has been enabled.
[13:16:24.653] Inventory was chosen not to be enabled.
[13:16:24.654] KillauraEntity was chosen not to be enabled.
[13:16:24.656] PacketAnalysis has been enabled.
[13:16:24.657] Pingspoof has been enabled.
[13:16:24.658] Scaffold has been enabled.
[13:16:24.659] Skinblinker has been enabled.
[13:16:24.659] Teaming was chosen not to be enabled.
[13:16:24.660] Tower has been enabled.
[13:25:05.861] PacketAnalysisData-Verbose | Player: ZERA_ sent equal rotations.
[13:25:05.863] ZERA_ failed PacketAnalysis | Vl: 1 | TPS: 20.0 | Ping: 0
[13:25:14.844] PacketAnalysisData-Verbose | Player: ZERA_ sent equal rotations.
[13:25:14.844] ZERA_ failed PacketAnalysis | Vl: 1 | TPS: 20.0 | Ping: 0
[13:35:37.828] AACAdditionPro disabled.
[13:35:37.829]  
[13:35:56.605] BrandHider was chosen not to be enabled.
[13:35:56.615] LogBot was chosen not to be enabled.
[13:35:56.616] ClientControl.BetterSprinting was chosen not to be enabled.
[13:35:56.616] ClientControl.DamageIndicator was chosen not to be enabled.
[13:35:56.617] ClientControl.5zig was chosen not to be enabled.
[13:35:56.617] ClientControl.Forge was chosen not to be enabled.
[13:35:56.617] ClientControl.LabyMod was chosen not to be enabled.
[13:35:56.617] ClientControl.LiteLoader was chosen not to be enabled.
[13:35:56.617] ClientControl.OldLabyMod was chosen not to be enabled.
[13:35:56.618] ClientControl.PXMod was chosen not to be enabled.
[13:35:56.618] ClientControl.Schematica was chosen not to be enabled.
[13:35:56.619] ClientControl.Vape has been enabled.
[13:35:56.620] ClientControl.VersionControl was chosen not to be enabled.
[13:35:56.621] ClientControl.WorldDownloader has been enabled.
[13:35:56.622] AutoFish is not compatible with your server version.
[13:35:56.623] AutoPotion is not compatible with your server version.
[13:35:56.623] Esp was chosen not to be enabled.
[13:35:56.625] Fastswitch has been enabled.
[13:35:56.626] ImpossibleChat has been enabled.
[13:35:56.626] Inventory was chosen not to be enabled.
[13:35:56.627] KillauraEntity was chosen not to be enabled.
[13:35:56.631] PacketAnalysis has been enabled.
[13:35:56.633] Pingspoof has been enabled.
[13:35:56.636] Scaffold has been enabled.
[13:35:56.637] Skinblinker has been enabled.
[13:35:56.637] Teaming was chosen not to be enabled.
[13:35:56.638] Tower has been enabled.
[13:37:00.143] AACAdditionPro disabled.
[13:37:00.147]  
[13:37:46.263] BrandHider was chosen not to be enabled.
[13:37:46.273] LogBot was chosen not to be enabled.
[13:37:46.273] ClientControl.BetterSprinting was chosen not to be enabled.
[13:37:46.273] ClientControl.DamageIndicator was chosen not to be enabled.
[13:37:46.274] ClientControl.5zig was chosen not to be enabled.
[13:37:46.274] ClientControl.Forge was chosen not to be enabled.
[13:37:46.275] ClientControl.LabyMod was chosen not to be enabled.
[13:37:46.275] ClientControl.LiteLoader was chosen not to be enabled.
[13:37:46.275] ClientControl.OldLabyMod was chosen not to be enabled.
[13:37:46.276] ClientControl.PXMod was chosen not to be enabled.
[13:37:46.276] ClientControl.Schematica was chosen not to be enabled.
[13:37:46.279] ClientControl.Vape has been enabled.
[13:37:46.280] ClientControl.VersionControl was chosen not to be enabled.
[13:37:46.282] ClientControl.WorldDownloader has been enabled.
[13:37:46.282] AutoFish is not compatible with your server version.
[13:37:46.283] AutoPotion is not compatible with your server version.
[13:37:46.283] Esp was chosen not to be enabled.
[13:37:46.284] Fastswitch has been enabled.
[13:37:46.285] ImpossibleChat has been enabled.
[13:37:46.285] Inventory was chosen not to be enabled.
[13:37:46.286] KillauraEntity was chosen not to be enabled.
[13:37:46.287] PacketAnalysis has been enabled.
[13:37:46.288] Pingspoof has been enabled.
[13:37:46.289] Scaffold has been enabled.
[13:37:46.290] Skinblinker has been enabled.
[13:37:46.290] Teaming was chosen not to be enabled.
[13:37:46.290] Tower has been enabled.
[13:38:50.592] AACAdditionPro disabled.
[13:38:50.594]  
[13:40:01.753] BrandHider was chosen not to be enabled.
[13:40:01.762] LogBot was chosen not to be enabled.
[13:40:01.762] ClientControl.BetterSprinting was chosen not to be enabled.
[13:40:01.762] ClientControl.DamageIndicator was chosen not to be enabled.
[13:40:01.762] ClientControl.5zig was chosen not to be enabled.
[13:40:01.763] ClientControl.Forge was chosen not to be enabled.
[13:40:01.763] ClientControl.LabyMod was chosen not to be enabled.
[13:40:01.763] ClientControl.LiteLoader was chosen not to be enabled.
[13:40:01.763] ClientControl.OldLabyMod was chosen not to be enabled.
[13:40:01.764] ClientControl.PXMod was chosen not to be enabled.
[13:40:01.764] ClientControl.Schematica was chosen not to be enabled.
[13:40:01.765] ClientControl.Vape has been enabled.
[13:40:01.765] ClientControl.VersionControl was chosen not to be enabled.
[13:40:01.767] ClientControl.WorldDownloader has been enabled.
[13:40:01.767] AutoFish is not compatible with your server version.
[13:40:01.767] AutoPotion is not compatible with your server version.
[13:40:01.767] Esp was chosen not to be enabled.
[13:40:01.768] Fastswitch has been enabled.
[13:40:01.768] ImpossibleChat has been enabled.
[13:40:01.769] Inventory was chosen not to be enabled.
[13:40:01.769] KillauraEntity was chosen not to be enabled.
[13:40:01.771] PacketAnalysis has been enabled.
[13:40:01.772] Pingspoof has been enabled.
[13:40:01.773] Scaffold has been enabled.
[13:40:01.773] Skinblinker has been enabled.
[13:40:01.773] Teaming was chosen not to be enabled.
[13:40:01.774] Tower has been enabled.
[13:45:35.808] AACAdditionPro disabled.
[13:45:35.809]  
[13:46:50.399] BrandHider was chosen not to be enabled.
[13:46:50.407] LogBot was chosen not to be enabled.
[13:46:50.407] ClientControl.BetterSprinting was chosen not to be enabled.
[13:46:50.408] ClientControl.DamageIndicator was chosen not to be enabled.
[13:46:50.408] ClientControl.5zig was chosen not to be enabled.
[13:46:50.408] ClientControl.Forge was chosen not to be enabled.
[13:46:50.408] ClientControl.LabyMod was chosen not to be enabled.
[13:46:50.409] ClientControl.LiteLoader was chosen not to be enabled.
[13:46:50.409] ClientControl.OldLabyMod was chosen not to be enabled.
[13:46:50.409] ClientControl.PXMod was chosen not to be enabled.
[13:46:50.409] ClientControl.Schematica was chosen not to be enabled.
[13:46:50.411] ClientControl.Vape has been enabled.
[13:46:50.411] ClientControl.VersionControl was chosen not to be enabled.
[13:46:50.412] ClientControl.WorldDownloader has been enabled.
[13:46:50.412] AutoFish is not compatible with your server version.
[13:46:50.413] AutoPotion is not compatible with your server version.
[13:46:50.413] Esp was chosen not to be enabled.
[13:46:50.414] Fastswitch has been enabled.
[13:46:50.414] ImpossibleChat has been enabled.
[13:46:50.414] Inventory was chosen not to be enabled.
[13:46:50.414] KillauraEntity was chosen not to be enabled.
[13:46:50.416] PacketAnalysis has been enabled.
[13:46:50.417] Pingspoof has been enabled.
[13:46:50.418] Scaffold has been enabled.
[13:46:50.418] Skinblinker has been enabled.
[13:46:50.419] Teaming was chosen not to be enabled.
[13:46:50.419] Tower has been enabled.
[13:47:30.982] AACAdditionPro disabled.
[13:47:30.983]  
[13:48:30.329] BrandHider was chosen not to be enabled.
[13:48:30.338] LogBot was chosen not to be enabled.
[13:48:30.339] ClientControl.BetterSprinting was chosen not to be enabled.
[13:48:30.339] ClientControl.DamageIndicator was chosen not to be enabled.
[13:48:30.340] ClientControl.5zig was chosen not to be enabled.
[13:48:30.340] ClientControl.Forge was chosen not to be enabled.
[13:48:30.340] ClientControl.LabyMod was chosen not to be enabled.
[13:48:30.341] ClientControl.LiteLoader was chosen not to be enabled.
[13:48:30.341] ClientControl.OldLabyMod was chosen not to be enabled.
[13:48:30.341] ClientControl.PXMod was chosen not to be enabled.
[13:48:30.342] ClientControl.Schematica was chosen not to be enabled.
[13:48:30.343] ClientControl.Vape has been enabled.
[13:48:30.343] ClientControl.VersionControl was chosen not to be enabled.
[13:48:30.345] ClientControl.WorldDownloader has been enabled.
[13:48:30.345] AutoFish is not compatible with your server version.
[13:48:30.346] AutoPotion is not compatible with your server version.
[13:48:30.346] Esp was chosen not to be enabled.
[13:48:30.347] Fastswitch has been enabled.
[13:48:30.347] ImpossibleChat has been enabled.
[13:48:30.348] Inventory was chosen not to be enabled.
[13:48:30.348] KillauraEntity was chosen not to be enabled.
[13:48:30.350] PacketAnalysis has been enabled.
[13:48:30.351] Pingspoof has been enabled.
[13:48:30.354] Scaffold has been enabled.
[13:48:30.354] Skinblinker has been enabled.
[13:48:30.355] Teaming was chosen not to be enabled.
[13:48:30.356] Tower has been enabled.
[13:48:56.696] PacketAnalysisData-Verbose | Player: ZERA sent equal rotations.
[13:48:56.699] ZERA failed PacketAnalysis | Vl: 1 | TPS: 19.23 | Ping: 21
[13:48:56.724] PacketAnalysisData-Verbose | Player: ZERA sent equal rotations.
[13:48:56.725] ZERA failed PacketAnalysis | Vl: 2 | TPS: 19.23 | Ping: 21
[13:48:56.727] PacketAnalysisData-Verbose | Player: ZERA sent equal rotations.
[13:48:56.728] ZERA failed PacketAnalysis | Vl: 3 | TPS: 19.60 | Ping: 21
[13:49:28.129] AACAdditionPro disabled.
[13:49:28.130]  
[13:50:06.054] BrandHider was chosen not to be enabled.
[13:50:06.064] LogBot was chosen not to be enabled.
[13:50:06.065] ClientControl.BetterSprinting was chosen not to be enabled.
[13:50:06.066] ClientControl.DamageIndicator was chosen not to be enabled.
[13:50:06.066] ClientControl.5zig was chosen not to be enabled.
[13:50:06.067] ClientControl.Forge was chosen not to be enabled.
[13:50:06.067] ClientControl.LabyMod was chosen not to be enabled.
[13:50:06.067] ClientControl.LiteLoader was chosen not to be enabled.
[13:50:06.067] ClientControl.OldLabyMod was chosen not to be enabled.
[13:50:06.068] ClientControl.PXMod was chosen not to be enabled.
[13:50:06.068] ClientControl.Schematica was chosen not to be enabled.
[13:50:06.070] ClientControl.Vape has been enabled.
[13:50:06.070] ClientControl.VersionControl was chosen not to be enabled.
[13:50:06.072] ClientControl.WorldDownloader has been enabled.
[13:50:06.073] AutoFish is not compatible with your server version.
[13:50:06.073] AutoPotion is not compatible with your server version.
[13:50:06.073] Esp was chosen not to be enabled.
[13:50:06.075] Fastswitch has been enabled.
[13:50:06.076] ImpossibleChat has been enabled.
[13:50:06.077] Inventory was chosen not to be enabled.
[13:50:06.077] KillauraEntity was chosen not to be enabled.
[13:50:06.079] PacketAnalysis has been enabled.
[13:50:06.080] Pingspoof has been enabled.
[13:50:06.082] Scaffold has been enabled.
[13:50:06.082] Skinblinker has been enabled.
[13:50:06.082] Teaming was chosen not to be enabled.
[13:50:06.083] Tower has been enabled.
[13:50:30.788] PacketAnalysisData-Verbose | Player: ZERA sent equal rotations.
[13:50:30.791] ZERA failed PacketAnalysis | Vl: 1 | TPS: 17.24 | Ping: 0
[13:50:30.793] PacketAnalysisData-Verbose | Player: ZERA sent equal rotations.
[13:50:30.793] ZERA failed PacketAnalysis | Vl: 2 | TPS: 13.88 | Ping: 0
[13:50:30.826] PacketAnalysisData-Verbose | Player: ZERA sent equal rotations.
[13:50:30.827] ZERA failed PacketAnalysis | Vl: 3 | TPS: 14.28 | Ping: 0
[13:50:41.419] PacketAnalysisData-Verbose | Player: ZERA_ sent equal rotations.
[13:50:41.420] ZERA_ failed PacketAnalysis | Vl: 1 | TPS: 20.0 | Ping: 6
[13:50:41.488] PacketAnalysisData-Verbose | Player: ZERA_ sent equal rotations.
[13:50:41.488] ZERA_ failed PacketAnalysis | Vl: 2 | TPS: 20.0 | Ping: 6
[13:53:38.882] PacketAnalysisData-Verbose | Player: ZERA_ sent equal rotations.
[13:53:38.882] ZERA_ failed PacketAnalysis | Vl: 1 | TPS: 20.0 | Ping: 0
[13:53:50.567] PacketAnalysisData-Verbose | Player: ZERA_ sent equal rotations.
[13:53:50.569] ZERA_ failed PacketAnalysis | Vl: 1 | TPS: 14.92 | Ping: 0
[13:53:50.572] PacketAnalysisData-Verbose | Player: ZERA_ sent equal rotations.
[13:53:50.573] ZERA_ failed PacketAnalysis | Vl: 2 | TPS: 14.92 | Ping: 0
[13:53:50.574] PacketAnalysisData-Verbose | Player: ZERA_ sent equal rotations.
[13:53:50.576] ZERA_ failed PacketAnalysis | Vl: 3 | TPS: 14.92 | Ping: 0
[13:53:50.577] PacketAnalysisData-Verbose | Player: ZERA_ sent equal rotations.
[13:53:50.578] ZERA_ failed PacketAnalysis | Vl: 4 | TPS: 14.92 | Ping: 0
[13:53:50.578] PacketAnalysisData-Verbose | Player: ZERA_ sent equal rotations.
[13:53:50.579] ZERA_ failed PacketAnalysis | Vl: 5 | TPS: 14.92 | Ping: 0
[13:53:50.602] PacketAnalysisData-Verbose | Player: ZERA_ sent equal rotations.
[13:53:50.603] ZERA_ failed PacketAnalysis | Vl: 6 | TPS: 14.92 | Ping: 0
[13:53:52.081] PacketAnalysisData-Verbose | Player: ZERA_ sent equal rotations.
[13:53:52.083] ZERA_ failed PacketAnalysis | Vl: 7 | TPS: 20.0 | Ping: 0
[13:53:53.446] PacketAnalysisData-Verbose | Player: ZERA_ sent equal rotations.
[13:53:53.446] ZERA_ failed PacketAnalysis | Vl: 8 | TPS: 20.0 | Ping: 0
[13:53:53.648] PacketAnalysisData-Verbose | Player: ZERA_ sent equal rotations.
[13:53:53.648] ZERA_ failed PacketAnalysis | Vl: 9 | TPS: 20.0 | Ping: 0
[13:53:54.109] PacketAnalysisData-Verbose | Player: ZERA_ sent equal rotations.
[13:53:54.110] ZERA_ failed PacketAnalysis | Vl: 10 | TPS: 20.0 | Ping: 0
[13:53:54.321] PacketAnalysisData-Verbose | Player: ZERA_ sent equal rotations.
[13:53:54.321] ZERA_ failed PacketAnalysis | Vl: 11 | TPS: 20.0 | Ping: 0
[13:53:54.354] Executed command: aacstaffnotify ZERA_ in kitpvp is suspected by PacketAnalysis
[13:53:54.471] PacketAnalysisData-Verbose | Player: ZERA_ sent equal rotations.
[13:53:54.472] ZERA_ failed PacketAnalysis | Vl: 12 | TPS: 20.0 | Ping: 0
[13:53:54.646] PacketAnalysisData-Verbose | Player: ZERA_ sent equal rotations.
[13:53:54.646] ZERA_ failed PacketAnalysis | Vl: 13 | TPS: 20.0 | Ping: 0
[13:53:56.120] PacketAnalysisData-Verbose | Player: ZERA_ sent equal rotations.
[13:53:56.120] ZERA_ failed PacketAnalysis | Vl: 14 | TPS: 19.60 | Ping: 0
[13:53:56.270] PacketAnalysisData-Verbose | Player: ZERA_ sent equal rotations.
[13:53:56.270] ZERA_ failed PacketAnalysis | Vl: 15 | TPS: 19.60 | Ping: 0
[13:53:56.426] PacketAnalysisData-Verbose | Player: ZERA_ sent equal rotations.
[13:53:56.430] ZERA_ failed PacketAnalysis | Vl: 15 | TPS: 19.60 | Ping: 0
[13:54:00.064] PacketAnalysisData-Verbose | Player: ZERA_ sent equal rotations.
[13:54:00.064] ZERA_ failed PacketAnalysis | Vl: 16 | TPS: 19.60 | Ping: 0
[13:58:12.616] AACAdditionPro disabled.
[13:58:12.616]  
[13:59:08.327] BrandHider was chosen not to be enabled.
[13:59:08.336] LogBot was chosen not to be enabled.
[13:59:08.337] ClientControl.BetterSprinting was chosen not to be enabled.
[13:59:08.337] ClientControl.DamageIndicator was chosen not to be enabled.
[13:59:08.337] ClientControl.5zig was chosen not to be enabled.
[13:59:08.337] ClientControl.Forge was chosen not to be enabled.
[13:59:08.338] ClientControl.LabyMod was chosen not to be enabled.
[13:59:08.338] ClientControl.LiteLoader was chosen not to be enabled.
[13:59:08.339] ClientControl.OldLabyMod was chosen not to be enabled.
[13:59:08.339] ClientControl.PXMod was chosen not to be enabled.
[13:59:08.339] ClientControl.Schematica was chosen not to be enabled.
[13:59:08.342] ClientControl.Vape has been enabled.
[13:59:08.342] ClientControl.VersionControl was chosen not to be enabled.
[13:59:08.344] ClientControl.WorldDownloader has been enabled.
[13:59:08.344] AutoFish is not compatible with your server version.
[13:59:08.344] AutoPotion is not compatible with your server version.
[13:59:08.345] Esp was chosen not to be enabled.
[13:59:08.346] Fastswitch has been enabled.
[13:59:08.347] ImpossibleChat has been enabled.
[13:59:08.348] Inventory was chosen not to be enabled.
[13:59:08.348] KillauraEntity was chosen not to be enabled.
[13:59:08.350] PacketAnalysis has been enabled.
[13:59:08.352] Pingspoof has been enabled.
[13:59:08.353] Scaffold has been enabled.
[13:59:08.354] Skinblinker has been enabled.
[13:59:08.354] Teaming was chosen not to be enabled.
[13:59:08.355] Tower has been enabled.
[14:00:15.907] PacketAnalysisData-Verbose | Player: ZERA_ sent equal rotations.
[14:00:15.910] ZERA_ failed PacketAnalysis | Vl: 1 | TPS: 20.0 | Ping: 0
[14:00:20.976] PacketAnalysisData-Verbose | Player: ZERA_ sent equal rotations.
[14:00:20.977] ZERA_ failed PacketAnalysis | Vl: 1 | TPS: 20.0 | Ping: 0
[14:00:21.279] PacketAnalysisData-Verbose | Player: ZERA_ sent equal rotations.
[14:00:21.280] ZERA_ failed PacketAnalysis | Vl: 2 | TPS: 19.60 | Ping: 0
[14:00:21.327] PacketAnalysisData-Verbose | Player: ZERA_ sent equal rotations.
[14:00:21.328] ZERA_ failed PacketAnalysis | Vl: 3 | TPS: 19.60 | Ping: 0
[14:02:11.579] AACAdditionPro disabled.
[14:02:11.586]  
[14:02:33.544] BrandHider was chosen not to be enabled.
[14:02:33.553] LogBot was chosen not to be enabled.
[14:02:33.554] ClientControl.BetterSprinting was chosen not to be enabled.
[14:02:33.554] ClientControl.DamageIndicator was chosen not to be enabled.
[14:02:33.554] ClientControl.5zig was chosen not to be enabled.
[14:02:33.554] ClientControl.Forge was chosen not to be enabled.
[14:02:33.555] ClientControl.LabyMod was chosen not to be enabled.
[14:02:33.555] ClientControl.LiteLoader was chosen not to be enabled.
[14:02:33.555] ClientControl.OldLabyMod was chosen not to be enabled.
[14:02:33.555] ClientControl.PXMod was chosen not to be enabled.
[14:02:33.555] ClientControl.Schematica was chosen not to be enabled.
[14:02:33.557] ClientControl.Vape has been enabled.
[14:02:33.557] ClientControl.VersionControl was chosen not to be enabled.
[14:02:33.559] ClientControl.WorldDownloader has been enabled.
[14:02:33.559] AutoFish is not compatible with your server version.
[14:02:33.559] AutoPotion is not compatible with your server version.
[14:02:33.560] Esp was chosen not to be enabled.
[14:02:33.560] Fastswitch has been enabled.
[14:02:33.561] ImpossibleChat has been enabled.
[14:02:33.562] Inventory was chosen not to be enabled.
[14:02:33.562] KillauraEntity was chosen not to be enabled.
[14:02:33.564] PacketAnalysis has been enabled.
[14:02:33.565] Pingspoof has been enabled.
[14:02:33.566] Scaffold has been enabled.
[14:02:33.567] Skinblinker has been enabled.
[14:02:33.567] Teaming was chosen not to be enabled.
[14:02:33.567] Tower has been enabled.
[14:02:49.925] PacketAnalysisData-Verbose | Player: ZERA_ sent equal rotations.
[14:02:49.928] ZERA_ failed PacketAnalysis | Vl: 1 | TPS: 20.0 | Ping: 0
[14:02:50.071] PacketAnalysisData-Verbose | Player: ZERA_ sent equal rotations.
[14:02:50.071] ZERA_ failed PacketAnalysis | Vl: 2 | TPS: 20.0 | Ping: 0
[14:02:50.193] PacketAnalysisData-Verbose | Player: ZERA_ sent equal rotations.
[14:02:50.194] ZERA_ failed PacketAnalysis | Vl: 3 | TPS: 20.0 | Ping: 0
[14:04:32.875] PacketAnalysisData-Verbose | Player: ZERA_ sent equal rotations.
[14:04:32.875] ZERA_ failed PacketAnalysis | Vl: 1 | TPS: 20.0 | Ping: 0
[14:04:33.126] PacketAnalysisData-Verbose | Player: ZERA_ sent equal rotations.
[14:04:33.126] ZERA_ failed PacketAnalysis | Vl: 2 | TPS: 20.0 | Ping: 0
[14:04:33.663] PacketAnalysisData-Verbose | Player: ZERA_ sent equal rotations.
[14:04:33.664] ZERA_ failed PacketAnalysis | Vl: 3 | TPS: 19.60 | Ping: 0
[14:04:33.686] PacketAnalysisData-Verbose | Player: ZERA_ sent equal rotations.
[14:04:33.686] ZERA_ failed PacketAnalysis | Vl: 4 | TPS: 19.60 | Ping: 0
[14:04:33.893] PacketAnalysisData-Verbose | Player: ZERA_ sent equal rotations.
[14:04:33.893] ZERA_ failed PacketAnalysis | Vl: 5 | TPS: 19.60 | Ping: 0
[14:04:34.173] PacketAnalysisData-Verbose | Player: ZERA_ sent equal rotations.
[14:04:34.173] ZERA_ failed PacketAnalysis | Vl: 6 | TPS: 19.60 | Ping: 0
[14:04:34.423] PacketAnalysisData-Verbose | Player: ZERA_ sent equal rotations.
[14:04:34.423] ZERA_ failed PacketAnalysis | Vl: 7 | TPS: 19.60 | Ping: 0
[14:04:34.673] PacketAnalysisData-Verbose | Player: ZERA_ sent equal rotations.
[14:04:34.673] ZERA_ failed PacketAnalysis | Vl: 8 | TPS: 19.60 | Ping: 0
[14:04:35.175] PacketAnalysisData-Verbose | Player: ZERA_ sent equal rotations.
[14:04:35.175] ZERA_ failed PacketAnalysis | Vl: 9 | TPS: 19.60 | Ping: 0
[14:04:35.677] PacketAnalysisData-Verbose | Player: ZERA_ sent equal rotations.
[14:04:35.677] ZERA_ failed PacketAnalysis | Vl: 10 | TPS: 20.0 | Ping: 0
[14:04:35.930] PacketAnalysisData-Verbose | Player: ZERA_ sent equal rotations.
[14:04:35.955] ZERA_ failed PacketAnalysis | Vl: 11 | TPS: 20.0 | Ping: 0
[14:04:35.988] Executed command: aacstaffnotify ZERA_ in kitpvp is suspected by PacketAnalysis
[14:04:36.180] PacketAnalysisData-Verbose | Player: ZERA_ sent equal rotations.
[14:04:36.180] ZERA_ failed PacketAnalysis | Vl: 12 | TPS: 20.0 | Ping: 0
[14:04:36.432] PacketAnalysisData-Verbose | Player: ZERA_ sent equal rotations.
[14:04:36.433] ZERA_ failed PacketAnalysis | Vl: 13 | TPS: 20.0 | Ping: 0
[14:04:36.683] PacketAnalysisData-Verbose | Player: ZERA_ sent equal rotations.
[14:04:36.683] ZERA_ failed PacketAnalysis | Vl: 14 | TPS: 20.0 | Ping: 0
[14:04:36.935] PacketAnalysisData-Verbose | Player: ZERA_ sent equal rotations.
[14:04:36.935] ZERA_ failed PacketAnalysis | Vl: 15 | TPS: 20.0 | Ping: 0
[14:04:37.185] PacketAnalysisData-Verbose | Player: ZERA_ sent equal rotations.
[14:04:37.185] ZERA_ failed PacketAnalysis | Vl: 16 | TPS: 20.0 | Ping: 0
[14:04:37.471] PacketAnalysisData-Verbose | Player: ZERA_ sent equal rotations.
[14:04:37.472] ZERA_ failed PacketAnalysis | Vl: 17 | TPS: 20.0 | Ping: 0
[14:04:37.507] PacketAnalysisData-Verbose | Player: ZERA_ sent equal rotations.
[14:04:37.508] ZERA_ failed PacketAnalysis | Vl: 18 | TPS: 20.0 | Ping: 0
[14:04:37.547] Executed command: aacstaffnotify ZERA_ in kitpvp is highly suspected by PacketAnalysis
[14:04:37.547] PacketAnalysisData-Verbose | Player: ZERA_ sent equal rotations.
[14:04:37.548] ZERA_ failed PacketAnalysis | Vl: 19 | TPS: 20.0 | Ping: 0
[14:04:37.586] PacketAnalysisData-Verbose | Player: ZERA_ sent equal rotations.
[14:04:37.586] ZERA_ failed PacketAnalysis | Vl: 20 | TPS: 20.0 | Ping: 0
[14:04:470000] AACAdditionPro disabled.
[14:04:470000]  
[14:59:29.257] BrandHider was chosen not to be enabled.
[14:59:29.266] LogBot was chosen not to be enabled.
[14:59:29.267] ClientControl.BetterSprinting was chosen not to be enabled.
[14:59:29.267] ClientControl.DamageIndicator was chosen not to be enabled.
[14:59:29.267] ClientControl.5zig was chosen not to be enabled.
[14:59:29.267] ClientControl.Forge was chosen not to be enabled.
[14:59:29.267] ClientControl.LabyMod was chosen not to be enabled.
[14:59:29.268] ClientControl.LiteLoader was chosen not to be enabled.
[14:59:29.268] ClientControl.OldLabyMod was chosen not to be enabled.
[14:59:29.268] ClientControl.PXMod was chosen not to be enabled.
[14:59:29.268] ClientControl.Schematica was chosen not to be enabled.
[14:59:29.270] ClientControl.Vape has been enabled.
[14:59:29.270] ClientControl.VersionControl was chosen not to be enabled.
[14:59:29.272] ClientControl.WorldDownloader has been enabled.
[14:59:29.273] AutoFish is not compatible with your server version.
[14:59:29.273] AutoPotion is not compatible with your server version.
[14:59:29.274] Esp was chosen not to be enabled.
[14:59:29.275] Fastswitch has been enabled.
[14:59:29.275] ImpossibleChat has been enabled.
[14:59:29.275] Inventory was chosen not to be enabled.
[14:59:29.275] KillauraEntity was chosen not to be enabled.
[14:59:29.277] PacketAnalysis has been enabled.
[14:59:29.279] Pingspoof has been enabled.
[14:59:29.281] Scaffold has been enabled.
[14:59:29.281] Skinblinker has been enabled.
[14:59:29.282] Teaming was chosen not to be enabled.
[14:59:29.283] Tower has been enabled.
[14:59:59.538] PacketAnalysisData-Verbose | Player: ZERA_ sent equal rotations.
[14:59:59.544] ZERA_ failed PacketAnalysis | Vl: 1 | TPS: 20.0 | Ping: 0
[14:59:59.788] PacketAnalysisData-Verbose | Player: ZERA_ sent equal rotations.
[14:59:59.788] ZERA_ failed PacketAnalysis | Vl: 2 | TPS: 20.0 | Ping: 0
[14:59:59.940] PacketAnalysisData-Verbose | Player: ZERA_ sent equal rotations.
[14:59:59.940] ZERA_ failed PacketAnalysis | Vl: 3 | TPS: 20.0 | Ping: 0
[15:00:01.353] PacketAnalysisData-Verbose | Player: ZERA_ sent equal rotations.
[15:00:01.354] ZERA_ failed PacketAnalysis | Vl: 4 | TPS: 20.0 | Ping: 0
[15:00:01.454] PacketAnalysisData-Verbose | Player: ZERA_ sent equal rotations.
[15:00:01.454] ZERA_ failed PacketAnalysis | Vl: 5 | TPS: 20.0 | Ping: 0
[15:00:01.604] PacketAnalysisData-Verbose | Player: ZERA_ sent equal rotations.
[15:00:01.606] ZERA_ failed PacketAnalysis | Vl: 6 | TPS: 20.0 | Ping: 0
[15:00:01.662] PacketAnalysisData-Verbose | Player: ZERA_ sent equal rotations.
[15:00:01.663] ZERA_ failed PacketAnalysis | Vl: 7 | TPS: 20.0 | Ping: 0
[15:00:01.854] PacketAnalysisData-Verbose | Player: ZERA_ sent equal rotations.
[15:00:01.854] ZERA_ failed PacketAnalysis | Vl: 8 | TPS: 19.60 | Ping: 0
[15:00:03.018] PacketAnalysisData-Verbose | Player: ZERA_ sent equal rotations.
[15:00:03.019] ZERA_ failed PacketAnalysis | Vl: 9 | TPS: 20.0 | Ping: 0
[15:00:03.120] PacketAnalysisData-Verbose | Player: ZERA_ sent equal rotations.
[15:00:03.121] ZERA_ failed PacketAnalysis | Vl: 10 | TPS: 20.0 | Ping: 0
[15:00:03.271] PacketAnalysisData-Verbose | Player: ZERA_ sent equal rotations.
[15:00:03.271] ZERA_ failed PacketAnalysis | Vl: 11 | TPS: 20.0 | Ping: 0
[15:00:03.323] Executed command: aacstaffnotify ZERA_ in kitpvp is suspected by PacketAnalysis
[15:00:11.392] PacketAnalysisData-Verbose | Player: ZERA_ sent equal rotations.
[15:00:11.392] ZERA_ failed PacketAnalysis | Vl: 11 | TPS: 20.0 | Ping: 0
[15:00:11.394] Executed command: aacstaffnotify ZERA_ in kitpvp is suspected by PacketAnalysis
[15:00:14.106] PacketAnalysisData-Verbose | Player: ZERA_ sent equal rotations.
[15:00:14.106] ZERA_ failed PacketAnalysis | Vl: 12 | TPS: 20.0 | Ping: 0
[15:00:16.593] PacketAnalysisData-Verbose | Player: ZERA_ sent equal rotations.
[15:00:16.593] ZERA_ failed PacketAnalysis | Vl: 13 | TPS: 20.0 | Ping: 0
[15:00:26.346] PacketAnalysisData-Verbose | Player: ZERA_ sent equal rotations.
[15:00:26.346] ZERA_ failed PacketAnalysis | Vl: 13 | TPS: 20.0 | Ping: 0
[15:00:26.646] PacketAnalysisData-Verbose | Player: ZERA_ sent equal rotations.
[15:00:26.647] ZERA_ failed PacketAnalysis | Vl: 14 | TPS: 20.0 | Ping: 0
[15:00:29.708] PacketAnalysisData-Verbose | Player: ZERA_ sent equal rotations.
[15:00:29.709] ZERA_ failed PacketAnalysis | Vl: 14 | TPS: 20.0 | Ping: 0
[15:00:32.421] PacketAnalysisData-Verbose | Player: ZERA_ sent equal rotations.
[15:00:32.421] ZERA_ failed PacketAnalysis | Vl: 15 | TPS: 20.0 | Ping: 0
[15:00:39.158] PacketAnalysisData-Verbose | Player: ZERA_ sent equal rotations.
[15:00:39.158] ZERA_ failed PacketAnalysis | Vl: 15 | TPS: 20.0 | Ping: 0
[15:00:39.760] PacketAnalysisData-Verbose | Player: ZERA_ sent equal rotations.
[15:00:39.760] ZERA_ failed PacketAnalysis | Vl: 16 | TPS: 20.0 | Ping: 0
[15:02:07.791] PacketAnalysisData-Verbose | Player: ZERA_ sent equal rotations.
[15:02:07.792] ZERA_ failed PacketAnalysis | Vl: 8 | TPS: 19.60 | Ping: 0
[15:02:17.269] PacketAnalysisData-Verbose | Player: ZERA_ sent equal rotations.
[15:02:17.269] ZERA_ failed PacketAnalysis | Vl: 9 | TPS: 20.0 | Ping: 0
[15:04:36.475] PacketAnalysisData-Verbose | Player: ZERA_ sent equal rotations.
[15:04:36.476] ZERA_ failed PacketAnalysis | Vl: 1 | TPS: 20.0 | Ping: 0
[15:04:42.455] PacketAnalysisData-Verbose | Player: ZERA_ sent equal rotations.
[15:04:42.455] ZERA_ failed PacketAnalysis | Vl: 1 | TPS: 20.0 | Ping: 0
[15:09:05.668] PacketAnalysisData-Verbose | Player: ZERA sent equal rotations.
[15:09:05.669] ZERA failed PacketAnalysis | Vl: 1 | TPS: 20.0 | Ping: 0
[15:09:06.171] PacketAnalysisData-Verbose | Player: ZERA sent equal rotations.
[15:09:06.171] ZERA failed PacketAnalysis | Vl: 2 | TPS: 20.0 | Ping: 0
[15:16:03.658] PacketAnalysisData-Verbose | Player: ZERA_ sends packets with different delays. Mitigated Offset: 5.0
[15:16:03.827] ZERA_ failed PacketAnalysis | Vl: 1 | TPS: 20.0 | Ping: 131
[15:17:39.280] PacketAnalysisData-Verbose | Player: ZERA sent equal rotations.
[15:17:39.281] ZERA failed PacketAnalysis | Vl: 1 | TPS: 20.0 | Ping: 0
[15:18:12.307] PacketAnalysisData-Verbose | Player: ZERA_ sent equal rotations.
[15:18:12.307] ZERA_ failed PacketAnalysis | Vl: 1 | TPS: 20.0 | Ping: 0
[15:18:18.353] PacketAnalysisData-Verbose | Player: ZERA_ sent equal rotations.
[15:18:18.353] ZERA_ failed PacketAnalysis | Vl: 2 | TPS: 20.0 | Ping: 0
[15:18:38.517] PacketAnalysisData-Verbose | Player: ZERA_ sent equal rotations.
[15:18:38.518] ZERA_ failed PacketAnalysis | Vl: 1 | TPS: 20.0 | Ping: 0
[15:18:43.755] PacketAnalysisData-Verbose | Player: ZERA_ sent equal rotations.
[15:18:43.755] ZERA_ failed PacketAnalysis | Vl: 1 | TPS: 20.0 | Ping: 0
[15:27:08.407] PacketAnalysisData-Verbose | Player: ZERA_ sent equal rotations.
[15:27:08.409] ZERA_ failed PacketAnalysis | Vl: 1 | TPS: 20.0 | Ping: 0
[15:28:13.298] PacketAnalysisData-Verbose | Player: ZERA_ sent equal rotations.
[15:28:13.298] ZERA_ failed PacketAnalysis | Vl: 1 | TPS: 20.0 | Ping: 75
[15:28:13.624] PacketAnalysisData-Verbose | Player: ZERA_ sent equal rotations.
[15:28:13.628] ZERA_ failed PacketAnalysis | Vl: 2 | TPS: 20.0 | Ping: 75
[15:28:13.696] PacketAnalysisData-Verbose | Player: ZERA_ sent equal rotations.
[15:28:13.696] ZERA_ failed PacketAnalysis | Vl: 3 | TPS: 20.0 | Ping: 75
[15:28:13.943] PacketAnalysisData-Verbose | Player: ZERA_ sent equal rotations.
[15:28:13.943] ZERA_ failed PacketAnalysis | Vl: 4 | TPS: 19.60 | Ping: 75
[15:28:14.194] PacketAnalysisData-Verbose | Player: ZERA_ sent equal rotations.
[15:28:14.194] ZERA_ failed PacketAnalysis | Vl: 5 | TPS: 19.60 | Ping: 75
[15:28:14.497] PacketAnalysisData-Verbose | Player: ZERA_ sent equal rotations.
[15:28:14.498] ZERA_ failed PacketAnalysis | Vl: 6 | TPS: 19.23 | Ping: 58
[15:28:14.758] PacketAnalysisData-Verbose | Player: ZERA_ sent equal rotations.
[15:28:14.758] ZERA_ failed PacketAnalysis | Vl: 7 | TPS: 19.60 | Ping: 58
[15:28:14.985] PacketAnalysisData-Verbose | Player: ZERA_ sent equal rotations.
[15:28:14.985] ZERA_ failed PacketAnalysis | Vl: 8 | TPS: 19.60 | Ping: 58
[15:28:15.178] PacketAnalysisData-Verbose | Player: ZERA_ sent equal rotations.
[15:28:15.178] ZERA_ failed PacketAnalysis | Vl: 9 | TPS: 19.60 | Ping: 58
[15:28:15.380] PacketAnalysisData-Verbose | Player: ZERA_ sent equal rotations.
[15:28:15.380] ZERA_ failed PacketAnalysis | Vl: 10 | TPS: 19.23 | Ping: 58
[15:28:15.580] PacketAnalysisData-Verbose | Player: ZERA_ sent equal rotations.
[15:28:15.580] ZERA_ failed PacketAnalysis | Vl: 11 | TPS: 19.60 | Ping: 58
[15:28:15.647] Executed command: aacstaffnotify ZERA_ in world is suspected by PacketAnalysis
[15:28:27.445] PacketAnalysisData-Verbose | Player: ZERA_ sent equal rotations.
[15:28:27.446] ZERA_ failed PacketAnalysis | Vl: 10 | TPS: 20.0 | Ping: 13
[15:28:27.646] PacketAnalysisData-Verbose | Player: ZERA_ sent equal rotations.
[15:28:27.646] ZERA_ failed PacketAnalysis | Vl: 11 | TPS: 20.0 | Ping: 13
[15:28:27.701] Executed command: aacstaffnotify ZERA_ in world is suspected by PacketAnalysis
[15:28:27.702] PacketAnalysisData-Verbose | Player: ZERA_ sent equal rotations.
[15:28:27.702] ZERA_ failed PacketAnalysis | Vl: 12 | TPS: 20.0 | Ping: 13
[15:28:27.750] PacketAnalysisData-Verbose | Player: ZERA_ sent equal rotations.
[15:28:27.751] ZERA_ failed PacketAnalysis | Vl: 13 | TPS: 20.0 | Ping: 13
[15:28:27.803] PacketAnalysisData-Verbose | Player: ZERA_ sent equal rotations.
[15:28:27.803] ZERA_ failed PacketAnalysis | Vl: 14 | TPS: 20.0 | Ping: 13
[15:28:27.850] PacketAnalysisData-Verbose | Player: ZERA_ sent equal rotations.
[15:28:27.851] ZERA_ failed PacketAnalysis | Vl: 15 | TPS: 20.0 | Ping: 13
[15:28:27.901] PacketAnalysisData-Verbose | Player: ZERA_ sent equal rotations.
[15:28:27.901] ZERA_ failed PacketAnalysis | Vl: 16 | TPS: 20.0 | Ping: 13
[15:28:27.950] PacketAnalysisData-Verbose | Player: ZERA_ sent equal rotations.
[15:28:27.951] ZERA_ failed PacketAnalysis | Vl: 17 | TPS: 20.0 | Ping: 13
[15:28:28.001] PacketAnalysisData-Verbose | Player: ZERA_ sent equal rotations.
[15:28:28.001] ZERA_ failed PacketAnalysis | Vl: 18 | TPS: 20.0 | Ping: 13
[15:28:28.003] Executed command: aacstaffnotify ZERA_ in world is highly suspected by PacketAnalysis
[15:28:28.046] PacketAnalysisData-Verbose | Player: ZERA_ sent equal rotations.
[15:28:28.046] ZERA_ failed PacketAnalysis | Vl: 19 | TPS: 20.0 | Ping: 13
[15:28:28.096] PacketAnalysisData-Verbose | Player: ZERA_ sent equal rotations.
[15:28:28.096] ZERA_ failed PacketAnalysis | Vl: 20 | TPS: 20.0 | Ping: 13
[15:28:28.197] PacketAnalysisData-Verbose | Player: ZERA_ sent equal rotations.
[15:28:28.197] ZERA_ failed PacketAnalysis | Vl: 21 | TPS: 20.0 | Ping: 13
[15:28:28.248] PacketAnalysisData-Verbose | Player: ZERA_ sent equal rotations.
[15:28:28.248] ZERA_ failed PacketAnalysis | Vl: 22 | TPS: 20.0 | Ping: 13
[15:28:28.549] PacketAnalysisData-Verbose | Player: ZERA_ sent equal rotations.
[15:28:28.549] ZERA_ failed PacketAnalysis | Vl: 23 | TPS: 20.0 | Ping: 13
[15:28:28.603] PacketAnalysisData-Verbose | Player: ZERA_ sent equal rotations.
[15:28:28.604] ZERA_ failed PacketAnalysis | Vl: 24 | TPS: 20.0 | Ping: 13
[15:28:28.656] PacketAnalysisData-Verbose | Player: ZERA_ sent equal rotations.
[15:28:28.657] ZERA_ failed PacketAnalysis | Vl: 25 | TPS: 20.0 | Ping: 13
[15:28:28.713] PacketAnalysisData-Verbose | Player: ZERA_ sent equal rotations.
[15:28:28.713] ZERA_ failed PacketAnalysis | Vl: 26 | TPS: 20.0 | Ping: 13
[15:28:33.381] PacketAnalysisData-Verbose | Player: ZERA_ sent equal rotations.
[15:28:33.381] ZERA_ failed PacketAnalysis | Vl: 27 | TPS: 19.60 | Ping: 4
[15:28:33.630] PacketAnalysisData-Verbose | Player: ZERA_ sent equal rotations.
[15:28:33.630] ZERA_ failed PacketAnalysis | Vl: 28 | TPS: 20.0 | Ping: 4
[15:28:33.724] Executed command: aackick ZERA_ Il tuo client ha inviatto pacchetti sospetti
[15:29:04.582] PacketAnalysisData-Verbose | Player: ZERA_ sent equal rotations.
[15:29:04.583] ZERA_ failed PacketAnalysis | Vl: 1 | TPS: 20.0 | Ping: 0
[15:29:47.253] PacketAnalysisData-Verbose | Player: ZERA_ sent equal rotations.
[15:29:47.253] ZERA_ failed PacketAnalysis | Vl: 1 | TPS: 20.0 | Ping: 0
[15:30:03.178] PacketAnalysisData-Verbose | Player: ZERA sent equal rotations.
[15:30:03.178] ZERA failed PacketAnalysis | Vl: 1 | TPS: 20.0 | Ping: 0
[15:34:02.254] PacketAnalysisData-Verbose | Player: ZERA sent equal rotations.
[15:34:02.254] ZERA failed PacketAnalysis | Vl: 1 | TPS: 20.0 | Ping: 0
[15:34:02.507] PacketAnalysisData-Verbose | Player: ZERA sent equal rotations.
[15:34:02.507] ZERA failed PacketAnalysis | Vl: 2 | TPS: 20.0 | Ping: 0
[15:56:23.074] PacketAnalysisData-Verbose | Player: ZERA_ sent unregistered KeepAlive packet.
[15:56:23.075] ZERA_ failed PacketAnalysis | Vl: 20 | TPS: 19.60 | Ping: 11
[15:56:23.448] Executed command: aacstaffnotify ZERA_ in spawn is suspected by PacketAnalysis
[15:56:23.449] Executed command: aacstaffnotify ZERA_ in spawn is highly suspected by PacketAnalysis
[15:56:26.903] PacketAnalysisData-Verbose | Player: ZERA_ sent equal rotations.
[15:56:26.904] ZERA_ failed PacketAnalysis | Vl: 20 | TPS: 13.51 | Ping: 8
[15:56:27.061] PacketAnalysisData-Verbose | Player: ZERA_ sent equal rotations.
[15:56:27.064] ZERA_ failed PacketAnalysis | Vl: 21 | TPS: 12.5 | Ping: 8
[15:56:27.412] PacketAnalysisData-Verbose | Player: ZERA_ sent equal rotations.
[15:56:27.450] ZERA_ failed PacketAnalysis | Vl: 22 | TPS: 12.5 | Ping: 8
[15:56:28.031] PacketAnalysisData-Verbose | Player: ZERA_ sent equal rotations.
[15:56:28.032] ZERA_ failed PacketAnalysis | Vl: 23 | TPS: 17.85 | Ping: 8
[15:56:51.518] PacketAnalysisData-Verbose | Player: ZERA_ ignored KeepAlive packet.
[15:56:51.518] ZERA_ failed PacketAnalysis | Vl: 31 | TPS: 20.0 | Ping: 0
[15:56:51.534] Executed command: aackick ZERA_ Il tuo client ha inviatto pacchetti sospetti
[15:57:20.172] PacketAnalysisData-Verbose | Player: ZERA_ sent equal rotations.
[15:57:20.172] ZERA_ failed PacketAnalysis | Vl: 1 | TPS: 20.0 | Ping: 0
[15:57:20.542] PacketAnalysisData-Verbose | Player: ZERA_ sent equal rotations.
[15:57:20.542] ZERA_ failed PacketAnalysis | Vl: 2 | TPS: 20.0 | Ping: 0
[15:57:20.694] PacketAnalysisData-Verbose | Player: ZERA_ sent equal rotations.
[15:57:20.694] ZERA_ failed PacketAnalysis | Vl: 3 | TPS: 20.0 | Ping: 0
[15:57:20.845] PacketAnalysisData-Verbose | Player: ZERA_ sent equal rotations.
[15:57:20.846] ZERA_ failed PacketAnalysis | Vl: 4 | TPS: 20.0 | Ping: 0
[15:57:22.518] PacketAnalysisData-Verbose | Player: ZERA_ sent equal rotations.
[15:57:22.518] ZERA_ failed PacketAnalysis | Vl: 5 | TPS: 20.0 | Ping: 0
[15:57:42.206] PacketAnalysisData-Verbose | Player: ZERA_ sent equal rotations.
[15:57:42.206] ZERA_ failed PacketAnalysis | Vl: 4 | TPS: 20.0 | Ping: 0
[15:57:42.350] PacketAnalysisData-Verbose | Player: ZERA_ sent equal rotations.
[15:57:42.350] ZERA_ failed PacketAnalysis | Vl: 5 | TPS: 20.0 | Ping: 0
[15:57:42.450] PacketAnalysisData-Verbose | Player: ZERA_ sent equal rotations.
[15:57:42.450] ZERA_ failed PacketAnalysis | Vl: 6 | TPS: 20.0 | Ping: 0
[15:57:42.651] PacketAnalysisData-Verbose | Player: ZERA_ sent equal rotations.
[15:57:42.651] ZERA_ failed PacketAnalysis | Vl: 7 | TPS: 20.0 | Ping: 0
[16:01:03.588] PacketAnalysisData-Verbose | Player: ZERA_ sent equal rotations.
[16:01:03.589] ZERA_ failed PacketAnalysis | Vl: 1 | TPS: 7.751 | Ping: 0
[16:02:56.577] PacketAnalysisData-Verbose | Player: ZERA_ sent equal rotations.
[16:02:56.577] ZERA_ failed PacketAnalysis | Vl: 1 | TPS: 19.60 | Ping: 0
[16:02:56.578] PacketAnalysisData-Verbose | Player: ZERA_ sent equal rotations.
[16:02:56.578] ZERA_ failed PacketAnalysis | Vl: 2 | TPS: 19.60 | Ping: 0
[16:02:56.882] PacketAnalysisData-Verbose | Player: ZERA_ sent equal rotations.
[16:02:56.882] ZERA_ failed PacketAnalysis | Vl: 3 | TPS: 19.23 | Ping: 0
[16:02:57.107] PacketAnalysisData-Verbose | Player: ZERA_ sent equal rotations.
[16:02:57.107] ZERA_ failed PacketAnalysis | Vl: 4 | TPS: 19.23 | Ping: 0
[16:02:57.313] PacketAnalysisData-Verbose | Player: ZERA_ sent equal rotations.
[16:02:57.313] ZERA_ failed PacketAnalysis | Vl: 5 | TPS: 19.23 | Ping: 0
[16:02:57.463] PacketAnalysisData-Verbose | Player: ZERA_ sent equal rotations.
[16:02:57.463] ZERA_ failed PacketAnalysis | Vl: 6 | TPS: 19.23 | Ping: 0
[16:02:57.585] PacketAnalysisData-Verbose | Player: ZERA_ sent equal rotations.
[16:02:57.585] ZERA_ failed PacketAnalysis | Vl: 7 | TPS: 19.23 | Ping: 0
[16:02:57.586] PacketAnalysisData-Verbose | Player: ZERA_ sent equal rotations.
[16:02:57.586] ZERA_ failed PacketAnalysis | Vl: 8 | TPS: 19.23 | Ping: 0
[16:02:57.825] PacketAnalysisData-Verbose | Player: ZERA_ sent equal rotations.
[16:02:57.825] ZERA_ failed PacketAnalysis | Vl: 9 | TPS: 19.60 | Ping: 0
[16:02:58.029] PacketAnalysisData-Verbose | Player: ZERA_ sent equal rotations.
[16:02:58.030] ZERA_ failed PacketAnalysis | Vl: 10 | TPS: 20.0 | Ping: 0
[16:03:01.086] PacketAnalysisData-Verbose | Player: ZERA_ sent equal rotations.
[16:03:01.086] ZERA_ failed PacketAnalysis | Vl: 11 | TPS: 19.60 | Ping: 0
[16:03:01.090] PacketAnalysisData-Verbose | Player: ZERA_ sent equal rotations.
[16:03:01.091] ZERA_ failed PacketAnalysis | Vl: 12 | TPS: 19.60 | Ping: 0
[16:03:01.092] Executed command: aacstaffnotify ZERA_ in kitpvp is suspected by PacketAnalysis
[16:03:01.092] PacketAnalysisData-Verbose | Player: ZERA_ sent equal rotations.
[16:03:01.093] ZERA_ failed PacketAnalysis | Vl: 13 | TPS: 19.60 | Ping: 0
[16:03:01.093] PacketAnalysisData-Verbose | Player: ZERA_ sent equal rotations.
[16:03:01.094] ZERA_ failed PacketAnalysis | Vl: 14 | TPS: 19.60 | Ping: 0
[16:03:01.186] PacketAnalysisData-Verbose | Player: ZERA_ sent equal rotations.
[16:03:01.186] ZERA_ failed PacketAnalysis | Vl: 15 | TPS: 19.60 | Ping: 0
[16:03:01.237] PacketAnalysisData-Verbose | Player: ZERA_ sent equal rotations.
[16:03:01.238] ZERA_ failed PacketAnalysis | Vl: 16 | TPS: 19.60 | Ping: 0
[16:03:01.280] PacketAnalysisData-Verbose | Player: ZERA_ sent equal rotations.
[16:03:01.280] ZERA_ failed PacketAnalysis | Vl: 17 | TPS: 19.60 | Ping: 0
[16:03:01.282] PacketAnalysisData-Verbose | Player: ZERA_ sent equal rotations.
[16:03:01.283] ZERA_ failed PacketAnalysis | Vl: 18 | TPS: 19.60 | Ping: 0
[16:03:01.283] PacketAnalysisData-Verbose | Player: ZERA_ sent equal rotations.
[16:03:01.284] ZERA_ failed PacketAnalysis | Vl: 19 | TPS: 19.60 | Ping: 0
[16:03:01.285] Executed command: aacstaffnotify ZERA_ in kitpvp is highly suspected by PacketAnalysis
[16:03:01.285] PacketAnalysisData-Verbose | Player: ZERA_ sent equal rotations.
[16:03:01.285] ZERA_ failed PacketAnalysis | Vl: 20 | TPS: 19.60 | Ping: 0
[16:03:01.330] PacketAnalysisData-Verbose | Player: ZERA_ sent equal rotations.
[16:03:01.330] ZERA_ failed PacketAnalysis | Vl: 21 | TPS: 19.60 | Ping: 0
[16:03:01.430] PacketAnalysisData-Verbose | Player: ZERA_ sent equal rotations.
[16:03:01.430] ZERA_ failed PacketAnalysis | Vl: 22 | TPS: 20.0 | Ping: 0
[16:03:01.431] PacketAnalysisData-Verbose | Player: ZERA_ sent equal rotations.
[16:03:01.431] ZERA_ failed PacketAnalysis | Vl: 23 | TPS: 20.0 | Ping: 0
[16:03:01.483] PacketAnalysisData-Verbose | Player: ZERA_ sent equal rotations.
[16:03:01.483] ZERA_ failed PacketAnalysis | Vl: 24 | TPS: 20.0 | Ping: 0
[16:03:01.484] PacketAnalysisData-Verbose | Player: ZERA_ sent equal rotations.
[16:03:01.485] ZERA_ failed PacketAnalysis | Vl: 25 | TPS: 20.0 | Ping: 0
[16:03:05.411] PacketAnalysisData-Verbose | Player: ZERA_ sent equal rotations.
[16:03:05.411] ZERA_ failed PacketAnalysis | Vl: 25 | TPS: 20.0 | Ping: 0
[16:03:06.016] PacketAnalysisData-Verbose | Player: ZERA_ sent equal rotations.
[16:03:06.016] ZERA_ failed PacketAnalysis | Vl: 26 | TPS: 20.0 | Ping: 0
[16:03:09.279] PacketAnalysisData-Verbose | Player: ZERA_ sent equal rotations.
[16:03:09.279] ZERA_ failed PacketAnalysis | Vl: 27 | TPS: 20.0 | Ping: 0
[16:03:09.580] PacketAnalysisData-Verbose | Player: ZERA_ sent equal rotations.
[16:03:09.580] ZERA_ failed PacketAnalysis | Vl: 28 | TPS: 20.0 | Ping: 0
[16:03:09.664] Executed command: aackick ZERA_ Il tuo client ha inviatto pacchetti sospetti
[16:03:23.067] PacketAnalysisData-Verbose | Player: ZERA_ sent equal rotations.
[16:03:23.067] ZERA_ failed PacketAnalysis | Vl: 1 | TPS: 19.60 | Ping: 0
[16:03:23.220] PacketAnalysisData-Verbose | Player: ZERA_ sent equal rotations.
[16:03:23.220] ZERA_ failed PacketAnalysis | Vl: 2 | TPS: 19.60 | Ping: 6
[16:03:25.844] PacketAnalysisData-Verbose | Player: ZERA_ sent equal rotations.
[16:03:25.845] ZERA_ failed PacketAnalysis | Vl: 3 | TPS: 20.0 | Ping: 4
[16:03:26.199] PacketAnalysisData-Verbose | Player: ZERA_ sent equal rotations.
[16:03:26.200] ZERA_ failed PacketAnalysis | Vl: 4 | TPS: 20.0 | Ping: 4
[16:03:26.960] PacketAnalysisData-Verbose | Player: ZERA_ sent equal rotations.
[16:03:26.960] ZERA_ failed PacketAnalysis | Vl: 5 | TPS: 20.0 | Ping: 4
[16:03:27.106] PacketAnalysisData-Verbose | Player: ZERA sent packets out of order with an offset of: 1
[16:03:27.107] ZERA failed PacketAnalysis | Vl: 2 | TPS: 19.60 | Ping: 0
[16:03:27.132] PacketAnalysisData-Verbose | Player: ZERA_ sent equal rotations.
[16:03:27.132] ZERA_ failed PacketAnalysis | Vl: 6 | TPS: 19.60 | Ping: 4
[16:03:58.178] PacketAnalysisData-Verbose | Player: ZERA_ sent equal rotations.
[16:03:58.179] ZERA_ failed PacketAnalysis | Vl: 1 | TPS: 19.23 | Ping: 58
[16:03:58.329] PacketAnalysisData-Verbose | Player: ZERA_ sent equal rotations.
[16:03:58.329] ZERA_ failed PacketAnalysis | Vl: 2 | TPS: 19.60 | Ping: 43
[16:03:58.429] PacketAnalysisData-Verbose | Player: ZERA_ sent equal rotations.
[16:03:58.430] ZERA_ failed PacketAnalysis | Vl: 3 | TPS: 19.23 | Ping: 43
[16:04:06.561] PacketAnalysisData-Verbose | Player: ZERA_ sent equal rotations.
[16:04:06.561] ZERA_ failed PacketAnalysis | Vl: 3 | TPS: 20.0 | Ping: 13
[16:04:15.514] PacketAnalysisData-Verbose | Player: ZERA_ sent equal rotations.
[16:04:15.514] ZERA_ failed PacketAnalysis | Vl: 3 | TPS: 20.0 | Ping: 4
[16:04:15.818] PacketAnalysisData-Verbose | Player: ZERA_ sent equal rotations.
[16:04:15.818] ZERA_ failed PacketAnalysis | Vl: 4 | TPS: 20.0 | Ping: 4
[16:04:16.821] PacketAnalysisData-Verbose | Player: ZERA_ sent equal rotations.
[16:04:16.821] ZERA_ failed PacketAnalysis | Vl: 5 | TPS: 20.0 | Ping: 4
[16:04:17.021] PacketAnalysisData-Verbose | Player: ZERA_ sent equal rotations.
[16:04:17.021] ZERA_ failed PacketAnalysis | Vl: 6 | TPS: 20.0 | Ping: 3
[16:04:17.171] PacketAnalysisData-Verbose | Player: ZERA_ sent equal rotations.
[16:04:17.171] ZERA_ failed PacketAnalysis | Vl: 7 | TPS: 20.0 | Ping: 3
[16:04:17.321] PacketAnalysisData-Verbose | Player: ZERA_ sent equal rotations.
[16:04:17.331] ZERA_ failed PacketAnalysis | Vl: 8 | TPS: 20.0 | Ping: 3
[16:04:17.371] PacketAnalysisData-Verbose | Player: ZERA_ sent equal rotations.
[16:04:17.372] ZERA_ failed PacketAnalysis | Vl: 9 | TPS: 20.0 | Ping: 3
[16:04:17.421] PacketAnalysisData-Verbose | Player: ZERA_ sent equal rotations.
[16:04:17.422] ZERA_ failed PacketAnalysis | Vl: 10 | TPS: 20.0 | Ping: 3
[16:04:17.521] PacketAnalysisData-Verbose | Player: ZERA_ sent equal rotations.
[16:04:17.522] ZERA_ failed PacketAnalysis | Vl: 11 | TPS: 20.0 | Ping: 3
[16:04:17.524] Executed command: aacstaffnotify ZERA_ in kitpvp is suspected by PacketAnalysis
[16:09:04.580] AACAdditionPro disabled.
[16:09:04.582]  
[16:11:45.110] BrandHider was chosen not to be enabled.
[16:11:45.121] LogBot was chosen not to be enabled.
[16:11:45.122] ClientControl.BetterSprinting was chosen not to be enabled.
[16:11:45.122] ClientControl.DamageIndicator was chosen not to be enabled.
[16:11:45.122] ClientControl.5zig was chosen not to be enabled.
[16:11:45.123] ClientControl.Forge was chosen not to be enabled.
[16:11:45.123] ClientControl.LabyMod was chosen not to be enabled.
[16:11:45.123] ClientControl.LiteLoader was chosen not to be enabled.
[16:11:45.124] ClientControl.OldLabyMod was chosen not to be enabled.
[16:11:45.124] ClientControl.PXMod was chosen not to be enabled.
[16:11:45.124] ClientControl.Schematica was chosen not to be enabled.
[16:11:45.126] ClientControl.Vape has been enabled.
[16:11:45.127] ClientControl.VersionControl was chosen not to be enabled.
[16:11:45.129] ClientControl.WorldDownloader has been enabled.
[16:11:45.130] AutoFish is not compatible with your server version.
[16:11:45.130] AutoPotion is not compatible with your server version.
[16:11:45.131] Esp was chosen not to be enabled.
[16:11:45.132] Fastswitch has been enabled.
[16:11:45.133] ImpossibleChat has been enabled.
[16:11:45.133] Inventory was chosen not to be enabled.
[16:11:45.134] KillauraEntity was chosen not to be enabled.
[16:11:45.136] PacketAnalysis has been enabled.
[16:11:45.138] Pingspoof has been enabled.
[16:11:45.139] Scaffold has been enabled.
[16:11:45.140] Skinblinker has been enabled.
[16:11:45.141] Teaming was chosen not to be enabled.
[16:11:45.141] Tower has been enabled.
[16:11:57.681] AACAdditionPro disabled.
[16:11:57.682]  
[16:14:12.808] BrandHider was chosen not to be enabled.
[16:14:12.817] LogBot was chosen not to be enabled.
[16:14:12.817] ClientControl.BetterSprinting was chosen not to be enabled.
[16:14:12.818] ClientControl.DamageIndicator was chosen not to be enabled.
[16:14:12.818] ClientControl.5zig was chosen not to be enabled.
[16:14:12.818] ClientControl.Forge was chosen not to be enabled.
[16:14:12.819] ClientControl.LabyMod was chosen not to be enabled.
[16:14:12.819] ClientControl.LiteLoader was chosen not to be enabled.
[16:14:12.819] ClientControl.OldLabyMod was chosen not to be enabled.
[16:14:12.819] ClientControl.PXMod was chosen not to be enabled.
[16:14:12.820] ClientControl.Schematica was chosen not to be enabled.
[16:14:12.821] ClientControl.Vape has been enabled.
[16:14:12.821] ClientControl.VersionControl was chosen not to be enabled.
[16:14:12.823] ClientControl.WorldDownloader has been enabled.
[16:14:12.823] AutoFish is not compatible with your server version.
[16:14:12.823] AutoPotion is not compatible with your server version.
[16:14:12.824] Esp was chosen not to be enabled.
[16:14:12.825] Fastswitch has been enabled.
[16:14:12.825] ImpossibleChat has been enabled.
[16:14:12.826] Inventory was chosen not to be enabled.
[16:14:12.826] KillauraEntity was chosen not to be enabled.
[16:14:12.828] PacketAnalysis has been enabled.
[16:14:12.829] Pingspoof has been enabled.
[16:14:12.831] Scaffold has been enabled.
[16:14:12.831] Skinblinker has been enabled.
[16:14:12.831] Teaming was chosen not to be enabled.
[16:14:12.832] Tower has been enabled.
[16:15:00.987] AACAdditionPro disabled.
[16:15:00.987]  
[16:22:09.978] BrandHider was chosen not to be enabled.
[16:22:09.987] LogBot was chosen not to be enabled.
[16:22:09.988] ClientControl.BetterSprinting was chosen not to be enabled.
[16:22:09.988] ClientControl.DamageIndicator was chosen not to be enabled.
[16:22:09.988] ClientControl.5zig was chosen not to be enabled.
[16:22:09.988] ClientControl.Forge was chosen not to be enabled.
[16:22:09.988] ClientControl.LabyMod was chosen not to be enabled.
[16:22:09.989] ClientControl.LiteLoader was chosen not to be enabled.
[16:22:09.989] ClientControl.OldLabyMod was chosen not to be enabled.
[16:22:09.989] ClientControl.PXMod was chosen not to be enabled.
[16:22:09.989] ClientControl.Schematica was chosen not to be enabled.
[16:22:09.991] ClientControl.Vape has been enabled.
[16:22:09.991] ClientControl.VersionControl was chosen not to be enabled.
[16:22:09.994] ClientControl.WorldDownloader has been enabled.
[16:22:09.994] AutoFish is not compatible with your server version.
[16:22:09.994] AutoPotion is not compatible with your server version.
[16:22:09.994] Esp was chosen not to be enabled.
[16:22:09.995] Fastswitch has been enabled.
[16:22:09.996] ImpossibleChat has been enabled.
[16:22:09.996] Inventory was chosen not to be enabled.
[16:22:09.996] KillauraEntity was chosen not to be enabled.
[16:22:09.998] PacketAnalysis has been enabled.
[16:22:100000] Pingspoof has been enabled.
[16:22:10.001] Scaffold has been enabled.
[16:22:10.001] Skinblinker has been enabled.
[16:22:10.002] Teaming was chosen not to be enabled.
[16:22:10.002] Tower has been enabled.
[16:22:25.825] AACAdditionPro disabled.
[16:22:25.825]  
[16:30:16.419] BrandHider was chosen not to be enabled.
[16:30:16.428] LogBot was chosen not to be enabled.
[16:30:16.428] ClientControl.BetterSprinting was chosen not to be enabled.
[16:30:16.428] ClientControl.DamageIndicator was chosen not to be enabled.
[16:30:16.429] ClientControl.5zig was chosen not to be enabled.
[16:30:16.429] ClientControl.Forge was chosen not to be enabled.
[16:30:16.429] ClientControl.LabyMod was chosen not to be enabled.
[16:30:16.429] ClientControl.LiteLoader was chosen not to be enabled.
[16:30:16.430] ClientControl.OldLabyMod was chosen not to be enabled.
[16:30:16.430] ClientControl.PXMod was chosen not to be enabled.
[16:30:16.430] ClientControl.Schematica was chosen not to be enabled.
[16:30:16.432] ClientControl.Vape has been enabled.
[16:30:16.432] ClientControl.VersionControl was chosen not to be enabled.
[16:30:16.433] ClientControl.WorldDownloader has been enabled.
[16:30:16.434] AutoFish is not compatible with your server version.
[16:30:16.434] AutoPotion is not compatible with your server version.
[16:30:16.434] Esp was chosen not to be enabled.
[16:30:16.435] Fastswitch has been enabled.
[16:30:16.435] ImpossibleChat has been enabled.
[16:30:16.435] Inventory was chosen not to be enabled.
[16:30:16.436] KillauraEntity was chosen not to be enabled.
[16:30:16.437] PacketAnalysis has been enabled.
[16:30:16.439] Pingspoof has been enabled.
[16:30:16.440] Scaffold has been enabled.
[16:30:16.441] Skinblinker has been enabled.
[16:30:16.441] Teaming was chosen not to be enabled.
[16:30:16.441] Tower has been enabled.
[16:30:37.289] AACAdditionPro disabled.
[16:30:37.290]  
[16:33:04.668] BrandHider was chosen not to be enabled.
[16:33:04.678] LogBot was chosen not to be enabled.
[16:33:04.678] ClientControl.BetterSprinting was chosen not to be enabled.
[16:33:04.679] ClientControl.DamageIndicator was chosen not to be enabled.
[16:33:04.679] ClientControl.5zig was chosen not to be enabled.
[16:33:04.679] ClientControl.Forge was chosen not to be enabled.
[16:33:04.680] ClientControl.LabyMod was chosen not to be enabled.
[16:33:04.681] ClientControl.LiteLoader was chosen not to be enabled.
[16:33:04.681] ClientControl.OldLabyMod was chosen not to be enabled.
[16:33:04.681] ClientControl.PXMod was chosen not to be enabled.
[16:33:04.681] ClientControl.Schematica was chosen not to be enabled.
[16:33:04.683] ClientControl.Vape has been enabled.
[16:33:04.684] ClientControl.VersionControl was chosen not to be enabled.
[16:33:04.687] ClientControl.WorldDownloader has been enabled.
[16:33:04.688] AutoFish is not compatible with your server version.
[16:33:04.688] AutoPotion is not compatible with your server version.
[16:33:04.688] Esp was chosen not to be enabled.
[16:33:04.690] Fastswitch has been enabled.
[16:33:04.690] ImpossibleChat has been enabled.
[16:33:04.690] Inventory was chosen not to be enabled.
[16:33:04.691] KillauraEntity was chosen not to be enabled.
[16:33:04.692] PacketAnalysis has been enabled.
[16:33:04.694] Pingspoof has been enabled.
[16:33:04.696] Scaffold has been enabled.
[16:33:04.697] Skinblinker has been enabled.
[16:33:04.698] Teaming was chosen not to be enabled.
[16:33:04.698] Tower has been enabled.
[16:45:07.104] PacketAnalysisData-Verbose | Player: ZERA_ sent equal rotations.
[16:45:07.107] ZERA_ failed PacketAnalysis | Vl: 1 | TPS: 20.0 | Ping: 0
[16:45:07.639] PacketAnalysisData-Verbose | Player: ZERA_ sent equal rotations.
[16:45:07.640] ZERA_ failed PacketAnalysis | Vl: 2 | TPS: 20.0 | Ping: 0
[16:45:07.911] PacketAnalysisData-Verbose | Player: ZERA_ sent equal rotations.
[16:45:07.911] ZERA_ failed PacketAnalysis | Vl: 3 | TPS: 20.0 | Ping: 0
[16:45:08.011] PacketAnalysisData-Verbose | Player: ZERA_ sent equal rotations.
[16:45:08.011] ZERA_ failed PacketAnalysis | Vl: 4 | TPS: 20.0 | Ping: 0
[16:45:08.112] PacketAnalysisData-Verbose | Player: ZERA_ sent equal rotations.
[16:45:08.112] ZERA_ failed PacketAnalysis | Vl: 5 | TPS: 20.0 | Ping: 0
[16:45:08.213] PacketAnalysisData-Verbose | Player: ZERA_ sent equal rotations.
[16:45:08.213] ZERA_ failed PacketAnalysis | Vl: 6 | TPS: 20.0 | Ping: 0
[16:45:08.312] PacketAnalysisData-Verbose | Player: ZERA_ sent equal rotations.
[16:45:08.313] ZERA_ failed PacketAnalysis | Vl: 7 | TPS: 20.0 | Ping: 0
[16:45:08.414] PacketAnalysisData-Verbose | Player: ZERA_ sent equal rotations.
[16:45:08.415] ZERA_ failed PacketAnalysis | Vl: 8 | TPS: 19.60 | Ping: 0
[16:45:18.911] PacketAnalysisData-Verbose | Player: ZERA_ sent equal rotations.
[16:45:18.911] ZERA_ failed PacketAnalysis | Vl: 8 | TPS: 20.0 | Ping: 0
[16:45:19.010] PacketAnalysisData-Verbose | Player: ZERA_ sent equal rotations.
[16:45:19.011] ZERA_ failed PacketAnalysis | Vl: 9 | TPS: 20.0 | Ping: 0
[16:45:19.162] PacketAnalysisData-Verbose | Player: ZERA_ sent equal rotations.
[16:45:19.163] ZERA_ failed PacketAnalysis | Vl: 10 | TPS: 20.0 | Ping: 0
[16:45:19.263] PacketAnalysisData-Verbose | Player: ZERA_ sent equal rotations.
[16:45:19.263] ZERA_ failed PacketAnalysis | Vl: 11 | TPS: 20.0 | Ping: 0
[16:45:19.325] Executed command: aacstaffnotify ZERA_ in kitpvp is suspected by PacketAnalysis
[16:45:19.368] PacketAnalysisData-Verbose | Player: ZERA_ sent equal rotations.
[16:45:19.368] ZERA_ failed PacketAnalysis | Vl: 12 | TPS: 20.0 | Ping: 0
[16:45:19.413] PacketAnalysisData-Verbose | Player: ZERA_ sent equal rotations.
[16:45:19.413] ZERA_ failed PacketAnalysis | Vl: 13 | TPS: 20.0 | Ping: 0
[16:45:19.515] PacketAnalysisData-Verbose | Player: ZERA_ sent equal rotations.
[16:45:19.516] ZERA_ failed PacketAnalysis | Vl: 14 | TPS: 20.0 | Ping: 0
[16:45:19.622] PacketAnalysisData-Verbose | Player: ZERA_ sent equal rotations.
[16:45:19.622] ZERA_ failed PacketAnalysis | Vl: 15 | TPS: 20.0 | Ping: 0
[16:45:19.667] PacketAnalysisData-Verbose | Player: ZERA_ sent equal rotations.
[16:45:19.667] ZERA_ failed PacketAnalysis | Vl: 16 | TPS: 20.0 | Ping: 0
[16:45:20.424] PacketAnalysisData-Verbose | Player: ZERA_ sent equal rotations.
[16:45:20.424] ZERA_ failed PacketAnalysis | Vl: 17 | TPS: 20.0 | Ping: 0
[16:45:20.469] PacketAnalysisData-Verbose | Player: ZERA_ sent equal rotations.
[16:45:20.469] ZERA_ failed PacketAnalysis | Vl: 18 | TPS: 20.0 | Ping: 0
[16:45:20.473] Executed command: aacstaffnotify ZERA_ in kitpvp is highly suspected by PacketAnalysis
[16:45:20.474] PacketAnalysisData-Verbose | Player: ZERA_ sent equal rotations.
[16:45:20.474] ZERA_ failed PacketAnalysis | Vl: 19 | TPS: 20.0 | Ping: 0
[16:45:25.588] PacketAnalysisData-Verbose | Player: ZERA_ sent equal rotations.
[16:45:25.589] ZERA_ failed PacketAnalysis | Vl: 19 | TPS: 20.0 | Ping: 0
[16:45:25.797] PacketAnalysisData-Verbose | Player: ZERA_ sent equal rotations.
[16:45:25.797] ZERA_ failed PacketAnalysis | Vl: 20 | TPS: 20.0 | Ping: 0
[16:48:55.660] PacketAnalysisData-Verbose | Player: ZERA_ sent equal rotations.
[16:48:55.660] ZERA_ failed PacketAnalysis | Vl: 1 | TPS: 19.60 | Ping: 0
[16:48:57.718] PacketAnalysisData-Verbose | Player: ZERA_ sent equal rotations.
[16:48:57.719] ZERA_ failed PacketAnalysis | Vl: 2 | TPS: 20.0 | Ping: 0
[16:48:57.870] PacketAnalysisData-Verbose | Player: ZERA_ sent equal rotations.
[16:48:57.870] ZERA_ failed PacketAnalysis | Vl: 3 | TPS: 20.0 | Ping: 0
[16:48:58.146] PacketAnalysisData-Verbose | Player: ZERA_ sent equal rotations.
[16:48:58.146] ZERA_ failed PacketAnalysis | Vl: 4 | TPS: 20.0 | Ping: 0
[16:48:58.850] PacketAnalysisData-Verbose | Player: ZERA_ sent equal rotations.
[16:48:58.850] ZERA_ failed PacketAnalysis | Vl: 5 | TPS: 20.0 | Ping: 0
[16:48:59.902] PacketAnalysisData-Verbose | Player: ZERA_ sent equal rotations.
[16:48:59.903] ZERA_ failed PacketAnalysis | Vl: 6 | TPS: 20.0 | Ping: 0
[16:49:00.055] PacketAnalysisData-Verbose | Player: ZERA_ sent equal rotations.
[16:49:00.055] ZERA_ failed PacketAnalysis | Vl: 7 | TPS: 20.0 | Ping: 0
[16:49:01.355] PacketAnalysisData-Verbose | Player: ZERA_ sent equal rotations.
[16:49:01.355] ZERA_ failed PacketAnalysis | Vl: 8 | TPS: 20.0 | Ping: 0
[16:50:03.512] PacketAnalysisData-Verbose | Player: ZERA_ sent equal rotations.
[16:50:03.512] ZERA_ failed PacketAnalysis | Vl: 1 | TPS: 14.92 | Ping: 0
[16:50:03.540] PacketAnalysisData-Verbose | Player: ZERA_ sent equal rotations.
[16:50:03.541] ZERA_ failed PacketAnalysis | Vl: 2 | TPS: 15.87 | Ping: 0
[16:50:04.335] PacketAnalysisData-Verbose | Player: ZERA_ sent equal rotations.
[16:50:04.336] ZERA_ failed PacketAnalysis | Vl: 3 | TPS: 20.0 | Ping: 0
[16:50:04.846] PacketAnalysisData-Verbose | Player: ZERA_ sent equal rotations.
[16:50:04.847] ZERA_ failed PacketAnalysis | Vl: 4 | TPS: 20.0 | Ping: 0
[16:50:05.320] PacketAnalysisData-Verbose | Player: ZERA_ sent equal rotations.
[16:50:05.320] ZERA_ failed PacketAnalysis | Vl: 5 | TPS: 20.0 | Ping: 0
[16:50:37.097] PacketAnalysisData-Verbose | Player: ZERA_ sent equal rotations.
[16:50:37.097] ZERA_ failed PacketAnalysis | Vl: 2 | TPS: 20.0 | Ping: 1
[16:50:51.361] PacketAnalysisData-Verbose | Player: ZERA_ sent equal rotations.
[16:50:51.361] ZERA_ failed PacketAnalysis | Vl: 2 | TPS: 20.0 | Ping: 0
[16:51:22.709] PacketAnalysisData-Verbose | Player: ZERA_ sent equal rotations.
[16:51:22.709] ZERA_ failed PacketAnalysis | Vl: 1 | TPS: 20.0 | Ping: 0
[16:53:09.516] PacketAnalysisData-Verbose | Player: ZERA_ sent equal rotations.
[16:53:09.516] ZERA_ failed PacketAnalysis | Vl: 1 | TPS: 20.0 | Ping: 0
[16:53:12.522] PacketAnalysisData-Verbose | Player: ZERA_ sent equal rotations.
[16:53:12.523] ZERA_ failed PacketAnalysis | Vl: 2 | TPS: 20.0 | Ping: 0
[16:53:16.836] PacketAnalysisData-Verbose | Player: ZERA_ sent equal rotations.
[16:53:16.837] ZERA_ failed PacketAnalysis | Vl: 3 | TPS: 20.0 | Ping: 0
[17:03:58.152] PacketAnalysisData-Verbose | Player: ZERA_ sent equal rotations.
[17:03:58.152] ZERA_ failed PacketAnalysis | Vl: 1 | TPS: 20.0 | Ping: 0
[17:04:59.814] PacketAnalysisData-Verbose | Player: ZERA_ sent equal rotations.
[17:04:59.815] ZERA_ failed PacketAnalysis | Vl: 1 | TPS: 20.0 | Ping: 0
[17:05:03.978] PacketAnalysisData-Verbose | Player: ZERA_ sent equal rotations.
[17:05:03.978] ZERA_ failed PacketAnalysis | Vl: 1 | TPS: 20.0 | Ping: 0
[17:05:04.084] PacketAnalysisData-Verbose | Player: ZERA_ sent equal rotations.
[17:05:04.085] ZERA_ failed PacketAnalysis | Vl: 2 | TPS: 20.0 | Ping: 0
[17:05:04.134] PacketAnalysisData-Verbose | Player: ZERA_ sent equal rotations.
[17:05:04.135] ZERA_ failed PacketAnalysis | Vl: 3 | TPS: 20.0 | Ping: 0
[17:06:09.480] PacketAnalysisData-Verbose | Player: ZERA_ sent equal rotations.
[17:06:09.481] ZERA_ failed PacketAnalysis | Vl: 1 | TPS: 20.0 | Ping: 0
[17:28:39.590] AACAdditionPro disabled.
[17:28:39.591]  
