[10:48:10.471] BrandHider was chosen not to be enabled.
[10:48:10.515] LogBot was chosen not to be enabled.
[10:48:10.516] ClientControl.BetterSprinting was chosen not to be enabled.
[10:48:10.516] ClientControl.DamageIndicator was chosen not to be enabled.
[10:48:10.517] ClientControl.5zig was chosen not to be enabled.
[10:48:10.518] ClientControl.Forge was chosen not to be enabled.
[10:48:10.519] ClientControl.LabyMod was chosen not to be enabled.
[10:48:10.520] ClientControl.LiteLoader was chosen not to be enabled.
[10:48:10.521] ClientControl.OldLabyMod was chosen not to be enabled.
[10:48:10.521] ClientControl.PXMod was chosen not to be enabled.
[10:48:10.522] ClientControl.Schematica was chosen not to be enabled.
[10:48:10.527] ClientControl.Vape has been enabled.
[10:48:10.528] ClientControl.VersionControl was chosen not to be enabled.
[10:48:10.534] ClientControl.WorldDownloader has been enabled.
[10:48:10.534] AutoFish is not compatible with your server version.
[10:48:10.535] AutoPotion is not compatible with your server version.
[10:48:10.536] Esp was chosen not to be enabled.
[10:48:10.556] Fastswitch has been enabled.
[10:48:10.557] ImpossibleChat has been enabled.
[10:48:10.557] Inventory was chosen not to be enabled.
[10:48:10.558] KillauraEntity was chosen not to be enabled.
[10:48:10.561] PacketAnalysis has been enabled.
[10:48:10.563] Pingspoof has been enabled.
[10:48:10.565] Scaffold has been enabled.
[10:48:10.566] Skinblinker has been enabled.
[10:48:10.566] Teaming was chosen not to be enabled.
[10:48:10.567] Tower has been enabled.
[10:50:06.538] PacketAnalysisData-Verbose | Player: ZERA_ sends packets with different delays. Mitigated Offset: 610.0
[10:50:06.545] ZERA_ failed PacketAnalysis | Vl: 12 | TPS: 20.0 | Ping: 2
[10:50:06.619] Executed command: aacstaffnotify ZERA_ in sky-pvp is suspected by PacketAnalysis
[10:50:18.938] PacketAnalysisData-Verbose | Player: ZERA_ sends packets with different delays. Mitigated Offset: 363.0
[10:50:18.939] ZERA_ failed PacketAnalysis | Vl: 18 | TPS: 19.60 | Ping: 0
[10:50:18.982] Executed command: aacstaffnotify ZERA_ in sky-pvp is highly suspected by PacketAnalysis
[10:54:13.077] PacketAnalysisData-Verbose | Player: ZERA_ sent equal rotations.
[10:54:13.077] ZERA_ failed PacketAnalysis | Vl: 1 | TPS: 20.0 | Ping: 0
[10:54:13.368] PacketAnalysisData-Verbose | Player: ZERA_ sent equal rotations.
[10:54:13.368] ZERA_ failed PacketAnalysis | Vl: 2 | TPS: 18.18 | Ping: 0
[10:54:13.379] PacketAnalysisData-Verbose | Player: ZERA_ sent equal rotations.
[10:54:13.380] ZERA_ failed PacketAnalysis | Vl: 3 | TPS: 18.51 | Ping: 0
[10:54:13.382] PacketAnalysisData-Verbose | Player: ZERA_ sent equal rotations.
[10:54:13.382] ZERA_ failed PacketAnalysis | Vl: 4 | TPS: 18.86 | Ping: 0
[10:54:13.387] PacketAnalysisData-Verbose | Player: ZERA_ sent equal rotations.
[10:54:13.387] ZERA_ failed PacketAnalysis | Vl: 5 | TPS: 19.60 | Ping: 0
[10:54:36.451] PacketAnalysisData-Verbose | Player: ZERA_ sent equal rotations.
[10:54:36.451] ZERA_ failed PacketAnalysis | Vl: 3 | TPS: 20.0 | Ping: 0
[10:54:36.495] PacketAnalysisData-Verbose | Player: ZERA_ sent equal rotations.
[10:54:36.495] ZERA_ failed PacketAnalysis | Vl: 4 | TPS: 20.0 | Ping: 0
[10:54:36.595] PacketAnalysisData-Verbose | Player: ZERA_ sent equal rotations.
[10:54:36.595] ZERA_ failed PacketAnalysis | Vl: 5 | TPS: 20.0 | Ping: 0
[10:54:36.645] PacketAnalysisData-Verbose | Player: ZERA_ sent equal rotations.
[10:54:36.645] ZERA_ failed PacketAnalysis | Vl: 6 | TPS: 20.0 | Ping: 0
[10:54:36.710] PacketAnalysisData-Verbose | Player: ZERA_ sent equal rotations.
[10:54:36.710] ZERA_ failed PacketAnalysis | Vl: 7 | TPS: 20.0 | Ping: 0
[10:54:36.751] PacketAnalysisData-Verbose | Player: ZERA_ sent equal rotations.
[10:54:36.752] ZERA_ failed PacketAnalysis | Vl: 8 | TPS: 20.0 | Ping: 0
[10:54:36.848] PacketAnalysisData-Verbose | Player: ZERA_ sent equal rotations.
[10:54:36.848] ZERA_ failed PacketAnalysis | Vl: 9 | TPS: 20.0 | Ping: 0
[10:54:36.898] PacketAnalysisData-Verbose | Player: ZERA_ sent equal rotations.
[10:54:36.898] ZERA_ failed PacketAnalysis | Vl: 10 | TPS: 20.0 | Ping: 0
[10:54:36.961] PacketAnalysisData-Verbose | Player: ZERA_ sent equal rotations.
[10:54:36.962] ZERA_ failed PacketAnalysis | Vl: 11 | TPS: 20.0 | Ping: 0
[10:54:37.003] Executed command: aacstaffnotify ZERA_ in kitpvp is suspected by PacketAnalysis
[10:54:37.003] PacketAnalysisData-Verbose | Player: ZERA_ sent equal rotations.
[10:54:37.004] ZERA_ failed PacketAnalysis | Vl: 12 | TPS: 20.0 | Ping: 0
[10:54:37.098] PacketAnalysisData-Verbose | Player: ZERA_ sent equal rotations.
[10:54:37.099] ZERA_ failed PacketAnalysis | Vl: 13 | TPS: 20.0 | Ping: 0
[10:54:37.148] PacketAnalysisData-Verbose | Player: ZERA_ sent equal rotations.
[10:54:37.149] ZERA_ failed PacketAnalysis | Vl: 14 | TPS: 20.0 | Ping: 0
[10:54:37.212] PacketAnalysisData-Verbose | Player: ZERA_ sent equal rotations.
[10:54:37.213] ZERA_ failed PacketAnalysis | Vl: 15 | TPS: 20.0 | Ping: 0
[10:54:37.254] PacketAnalysisData-Verbose | Player: ZERA_ sent equal rotations.
[10:54:37.255] ZERA_ failed PacketAnalysis | Vl: 16 | TPS: 20.0 | Ping: 0
[10:54:37.310] PacketAnalysisData-Verbose | Player: ZERA_ sent equal rotations.
[10:54:37.310] ZERA_ failed PacketAnalysis | Vl: 17 | TPS: 20.0 | Ping: 0
[10:54:37.350] PacketAnalysisData-Verbose | Player: ZERA_ sent equal rotations.
[10:54:37.351] ZERA_ failed PacketAnalysis | Vl: 18 | TPS: 20.0 | Ping: 0
[10:54:37.401] Executed command: aacstaffnotify ZERA_ in kitpvp is highly suspected by PacketAnalysis
[10:54:37.952] PacketAnalysisData-Verbose | Player: ZERA_ sent equal rotations.
[10:54:37.952] ZERA_ failed PacketAnalysis | Vl: 19 | TPS: 20.0 | Ping: 0
[10:54:38.002] PacketAnalysisData-Verbose | Player: ZERA_ sent equal rotations.
[10:54:38.002] ZERA_ failed PacketAnalysis | Vl: 20 | TPS: 20.0 | Ping: 0
[10:54:38.065] PacketAnalysisData-Verbose | Player: ZERA_ sent equal rotations.
[10:54:38.065] ZERA_ failed PacketAnalysis | Vl: 21 | TPS: 20.0 | Ping: 0
[10:54:38.107] PacketAnalysisData-Verbose | Player: ZERA_ sent equal rotations.
[10:54:38.107] ZERA_ failed PacketAnalysis | Vl: 22 | TPS: 20.0 | Ping: 0
[10:54:38.152] PacketAnalysisData-Verbose | Player: ZERA_ sent equal rotations.
[10:54:38.153] ZERA_ failed PacketAnalysis | Vl: 23 | TPS: 20.0 | Ping: 0
[10:54:38.202] PacketAnalysisData-Verbose | Player: ZERA_ sent equal rotations.
[10:54:38.202] ZERA_ failed PacketAnalysis | Vl: 24 | TPS: 20.0 | Ping: 0
[10:54:44.824] PacketAnalysisData-Verbose | Player: ZERA_ sent equal rotations.
[10:54:44.824] ZERA_ failed PacketAnalysis | Vl: 25 | TPS: 20.0 | Ping: 0
[10:54:49.869] PacketAnalysisData-Verbose | Player: ZERA_ sent equal rotations.
[10:54:49.870] ZERA_ failed PacketAnalysis | Vl: 25 | TPS: 20.0 | Ping: 0
[10:54:54.832] PacketAnalysisData-Verbose | Player: ZERA_ sent equal rotations.
[10:54:54.833] ZERA_ failed PacketAnalysis | Vl: 26 | TPS: 20.0 | Ping: 0
[10:54:54.880] PacketAnalysisData-Verbose | Player: ZERA_ sent equal rotations.
[10:54:54.880] ZERA_ failed PacketAnalysis | Vl: 27 | TPS: 20.0 | Ping: 0
[10:55:14.077] PacketAnalysisData-Verbose | Player: ZERA_ sent equal rotations.
[10:55:14.077] ZERA_ failed PacketAnalysis | Vl: 26 | TPS: 20.0 | Ping: 0
[10:55:17.534] PacketAnalysisData-Verbose | Player: ZERA_ sent equal rotations.
[10:55:17.535] ZERA_ failed PacketAnalysis | Vl: 26 | TPS: 20.0 | Ping: 0
[10:55:33.878] PacketAnalysisData-Verbose | Player: ZERA_ sent equal rotations.
[10:55:33.879] ZERA_ failed PacketAnalysis | Vl: 26 | TPS: 20.0 | Ping: 0
[10:55:33.926] PacketAnalysisData-Verbose | Player: ZERA_ sent equal rotations.
[10:55:33.927] ZERA_ failed PacketAnalysis | Vl: 27 | TPS: 20.0 | Ping: 0
[10:55:39.082] AACAdditionPro disabled.
[10:55:39.082]  
[10:57:18.198] Enabling plugin...
[10:57:18.214] Heuristic-Addition was chosen not to be enabled.
[10:57:18.219] LogBot was chosen not to be enabled.
[10:58:38.297] BrandHider was chosen not to be enabled.
[10:58:38.306] LogBot was chosen not to be enabled.
[10:58:38.306] ClientControl.BetterSprinting was chosen not to be enabled.
[10:58:38.306] ClientControl.DamageIndicator was chosen not to be enabled.
[10:58:38.307] ClientControl.5zig was chosen not to be enabled.
[10:58:38.307] ClientControl.Forge was chosen not to be enabled.
[10:58:38.307] ClientControl.LabyMod was chosen not to be enabled.
[10:58:38.307] ClientControl.LiteLoader was chosen not to be enabled.
[10:58:38.308] ClientControl.OldLabyMod was chosen not to be enabled.
[10:58:38.308] ClientControl.PXMod was chosen not to be enabled.
[10:58:38.308] ClientControl.Schematica was chosen not to be enabled.
[10:58:38.309] ClientControl.Vape has been enabled.
[10:58:38.309] ClientControl.VersionControl was chosen not to be enabled.
[10:58:38.311] ClientControl.WorldDownloader has been enabled.
[10:58:38.311] AutoFish is not compatible with your server version.
[10:58:38.311] AutoPotion is not compatible with your server version.
[10:58:38.312] Esp was chosen not to be enabled.
[10:58:38.313] Fastswitch has been enabled.
[10:58:38.313] ImpossibleChat has been enabled.
[10:58:38.313] Inventory was chosen not to be enabled.
[10:58:38.314] KillauraEntity was chosen not to be enabled.
[10:58:38.315] PacketAnalysis has been enabled.
[10:58:38.316] Pingspoof has been enabled.
[10:58:38.318] Scaffold has been enabled.
[10:58:38.318] Skinblinker has been enabled.
[10:58:38.319] Teaming was chosen not to be enabled.
[10:58:38.319] Tower has been enabled.
[11:00:09.508] PacketAnalysisData-Verbose | Player: ZERA_ sent equal rotations.
[11:00:09.512] ZERA_ failed PacketAnalysis | Vl: 1 | TPS: 20.0 | Ping: 0
[11:00:09.599] PacketAnalysisData-Verbose | Player: ZERA_ sent equal rotations.
[11:00:09.600] ZERA_ failed PacketAnalysis | Vl: 2 | TPS: 19.60 | Ping: 0
[11:00:09.639] PacketAnalysisData-Verbose | Player: ZERA_ sent equal rotations.
[11:00:09.639] ZERA_ failed PacketAnalysis | Vl: 3 | TPS: 20.0 | Ping: 0
[11:01:41.961] PacketAnalysisData-Verbose | Player: ZERA_ sent equal rotations.
[11:01:41.962] ZERA_ failed PacketAnalysis | Vl: 1 | TPS: 20.0 | Ping: 0
[11:01:42.008] PacketAnalysisData-Verbose | Player: ZERA_ sent equal rotations.
[11:01:42.008] ZERA_ failed PacketAnalysis | Vl: 2 | TPS: 20.0 | Ping: 0
[11:01:42.259] PacketAnalysisData-Verbose | Player: ZERA_ sent equal rotations.
[11:01:42.259] ZERA_ failed PacketAnalysis | Vl: 3 | TPS: 20.0 | Ping: 10
[11:01:42.310] PacketAnalysisData-Verbose | Player: ZERA_ sent equal rotations.
[11:01:42.310] ZERA_ failed PacketAnalysis | Vl: 4 | TPS: 20.0 | Ping: 10
[11:01:42.560] PacketAnalysisData-Verbose | Player: ZERA_ sent equal rotations.
[11:01:42.560] ZERA_ failed PacketAnalysis | Vl: 5 | TPS: 20.0 | Ping: 10
[11:01:42.611] PacketAnalysisData-Verbose | Player: ZERA_ sent equal rotations.
[11:01:42.611] ZERA_ failed PacketAnalysis | Vl: 6 | TPS: 20.0 | Ping: 10
[11:01:42.715] PacketAnalysisData-Verbose | Player: ZERA_ sent equal rotations.
[11:01:42.716] ZERA_ failed PacketAnalysis | Vl: 7 | TPS: 20.0 | Ping: 10
[11:01:42.761] PacketAnalysisData-Verbose | Player: ZERA_ sent equal rotations.
[11:01:42.761] ZERA_ failed PacketAnalysis | Vl: 8 | TPS: 20.0 | Ping: 10
[11:01:43.913] PacketAnalysisData-Verbose | Player: ZERA_ sent equal rotations.
[11:01:43.913] ZERA_ failed PacketAnalysis | Vl: 9 | TPS: 20.0 | Ping: 10
[11:01:43.963] PacketAnalysisData-Verbose | Player: ZERA_ sent equal rotations.
[11:01:43.963] ZERA_ failed PacketAnalysis | Vl: 10 | TPS: 20.0 | Ping: 10
[11:01:44.027] PacketAnalysisData-Verbose | Player: ZERA_ sent equal rotations.
[11:01:44.027] ZERA_ failed PacketAnalysis | Vl: 11 | TPS: 20.0 | Ping: 10
[11:01:44.071] Executed command: aacstaffnotify ZERA_ in kitpvp is suspected by PacketAnalysis
[11:01:44.071] PacketAnalysisData-Verbose | Player: ZERA_ sent equal rotations.
[11:01:44.072] ZERA_ failed PacketAnalysis | Vl: 12 | TPS: 20.0 | Ping: 10
[11:01:44.117] PacketAnalysisData-Verbose | Player: ZERA_ sent equal rotations.
[11:01:44.118] ZERA_ failed PacketAnalysis | Vl: 13 | TPS: 20.0 | Ping: 18
[11:01:51.397] PacketAnalysisData-Verbose | Player: ZERA_ sent equal rotations.
[11:01:51.397] ZERA_ failed PacketAnalysis | Vl: 13 | TPS: 20.0 | Ping: 7
[11:01:51.447] PacketAnalysisData-Verbose | Player: ZERA_ sent equal rotations.
[11:01:51.447] ZERA_ failed PacketAnalysis | Vl: 14 | TPS: 20.0 | Ping: 7
[11:01:51.597] PacketAnalysisData-Verbose | Player: ZERA_ sent equal rotations.
[11:01:51.597] ZERA_ failed PacketAnalysis | Vl: 15 | TPS: 20.0 | Ping: 7
[11:01:51.647] PacketAnalysisData-Verbose | Player: ZERA_ sent equal rotations.
[11:01:51.647] ZERA_ failed PacketAnalysis | Vl: 16 | TPS: 20.0 | Ping: 7
[11:01:51.751] PacketAnalysisData-Verbose | Player: ZERA_ sent equal rotations.
[11:01:51.752] ZERA_ failed PacketAnalysis | Vl: 17 | TPS: 20.0 | Ping: 7
[11:01:51.797] PacketAnalysisData-Verbose | Player: ZERA_ sent equal rotations.
[11:01:51.797] ZERA_ failed PacketAnalysis | Vl: 18 | TPS: 20.0 | Ping: 7
[11:01:51.862] Executed command: aacstaffnotify ZERA_ in kitpvp is highly suspected by PacketAnalysis
[11:01:51.862] PacketAnalysisData-Verbose | Player: ZERA_ sent equal rotations.
[11:01:51.863] ZERA_ failed PacketAnalysis | Vl: 19 | TPS: 20.0 | Ping: 7
[11:01:51.902] PacketAnalysisData-Verbose | Player: ZERA_ sent equal rotations.
[11:01:51.902] ZERA_ failed PacketAnalysis | Vl: 20 | TPS: 20.0 | Ping: 7
[11:01:51.999] PacketAnalysisData-Verbose | Player: ZERA_ sent equal rotations.
[11:01:51.999] ZERA_ failed PacketAnalysis | Vl: 21 | TPS: 20.0 | Ping: 7
[11:01:52.049] PacketAnalysisData-Verbose | Player: ZERA_ sent equal rotations.
[11:01:52.049] ZERA_ failed PacketAnalysis | Vl: 22 | TPS: 20.0 | Ping: 7
[11:01:52.114] PacketAnalysisData-Verbose | Player: ZERA_ sent equal rotations.
[11:01:52.114] ZERA_ failed PacketAnalysis | Vl: 23 | TPS: 20.0 | Ping: 7
[11:01:52.155] PacketAnalysisData-Verbose | Player: ZERA_ sent equal rotations.
[11:01:52.155] ZERA_ failed PacketAnalysis | Vl: 24 | TPS: 20.0 | Ping: 7
[11:01:52.211] PacketAnalysisData-Verbose | Player: ZERA_ sent equal rotations.
[11:01:52.211] ZERA_ failed PacketAnalysis | Vl: 25 | TPS: 20.0 | Ping: 7
[11:01:52.253] PacketAnalysisData-Verbose | Player: ZERA_ sent equal rotations.
[11:01:52.253] ZERA_ failed PacketAnalysis | Vl: 26 | TPS: 20.0 | Ping: 7
[11:01:52.354] PacketAnalysisData-Verbose | Player: ZERA_ sent equal rotations.
[11:01:52.354] ZERA_ failed PacketAnalysis | Vl: 27 | TPS: 20.0 | Ping: 5
[11:01:52.404] PacketAnalysisData-Verbose | Player: ZERA_ sent equal rotations.
[11:01:52.405] ZERA_ failed PacketAnalysis | Vl: 28 | TPS: 20.0 | Ping: 5
[11:01:52.512] Executed command: aackick ZERA_ Il tuo client ha inviatto pacchetti sospetti
[11:03:22.191] AACAdditionPro disabled.
[11:03:22.191]  
[11:03:41.434] BrandHider was chosen not to be enabled.
[11:03:41.443] LogBot was chosen not to be enabled.
[11:03:41.443] ClientControl.BetterSprinting was chosen not to be enabled.
[11:03:41.444] ClientControl.DamageIndicator was chosen not to be enabled.
[11:03:41.444] ClientControl.5zig was chosen not to be enabled.
[11:03:41.444] ClientControl.Forge was chosen not to be enabled.
[11:03:41.445] ClientControl.LabyMod was chosen not to be enabled.
[11:03:41.445] ClientControl.LiteLoader was chosen not to be enabled.
[11:03:41.445] ClientControl.OldLabyMod was chosen not to be enabled.
[11:03:41.445] ClientControl.PXMod was chosen not to be enabled.
[11:03:41.446] ClientControl.Schematica was chosen not to be enabled.
[11:03:41.447] ClientControl.Vape has been enabled.
[11:03:41.447] ClientControl.VersionControl was chosen not to be enabled.
[11:03:41.449] ClientControl.WorldDownloader has been enabled.
[11:03:41.449] AutoFish is not compatible with your server version.
[11:03:41.449] AutoPotion is not compatible with your server version.
[11:03:41.450] Esp was chosen not to be enabled.
[11:03:41.450] Fastswitch has been enabled.
[11:03:41.451] ImpossibleChat has been enabled.
[11:03:41.451] Inventory was chosen not to be enabled.
[11:03:41.451] KillauraEntity was chosen not to be enabled.
[11:03:41.454] PacketAnalysis has been enabled.
[11:03:41.455] Pingspoof has been enabled.
[11:03:41.457] Scaffold has been enabled.
[11:03:41.457] Skinblinker has been enabled.
[11:03:41.457] Teaming was chosen not to be enabled.
[11:03:41.458] Tower has been enabled.
[11:04:15.865] PacketAnalysisData-Verbose | Player: ZERA_ sent equal rotations.
[11:04:15.876] ZERA_ failed PacketAnalysis | Vl: 1 | TPS: 20.0 | Ping: 0
[11:04:15.942] PacketAnalysisData-Verbose | Player: ZERA_ sent equal rotations.
[11:04:15.943] ZERA_ failed PacketAnalysis | Vl: 2 | TPS: 20.0 | Ping: 0
[11:04:21.975] PacketAnalysisData-Verbose | Player: ZERA_ sent equal rotations.
[11:04:21.975] ZERA_ failed PacketAnalysis | Vl: 2 | TPS: 20.0 | Ping: 0
[11:04:22.026] PacketAnalysisData-Verbose | Player: ZERA_ sent equal rotations.
[11:04:22.026] ZERA_ failed PacketAnalysis | Vl: 3 | TPS: 20.0 | Ping: 0
[11:04:22.090] PacketAnalysisData-Verbose | Player: ZERA_ sent equal rotations.
[11:04:22.090] ZERA_ failed PacketAnalysis | Vl: 4 | TPS: 20.0 | Ping: 0
[11:04:22.129] PacketAnalysisData-Verbose | Player: ZERA_ sent equal rotations.
[11:04:22.130] ZERA_ failed PacketAnalysis | Vl: 5 | TPS: 20.0 | Ping: 0
[11:04:22.225] PacketAnalysisData-Verbose | Player: ZERA_ sent equal rotations.
[11:04:22.225] ZERA_ failed PacketAnalysis | Vl: 6 | TPS: 20.0 | Ping: 0
[11:04:22.276] PacketAnalysisData-Verbose | Player: ZERA_ sent equal rotations.
[11:04:22.276] ZERA_ failed PacketAnalysis | Vl: 7 | TPS: 20.0 | Ping: 0
[11:04:22.342] PacketAnalysisData-Verbose | Player: ZERA_ sent equal rotations.
[11:04:22.342] ZERA_ failed PacketAnalysis | Vl: 8 | TPS: 20.0 | Ping: 0
[11:04:22.381] PacketAnalysisData-Verbose | Player: ZERA_ sent equal rotations.
[11:04:22.382] ZERA_ failed PacketAnalysis | Vl: 9 | TPS: 20.0 | Ping: 0
[11:04:22.478] PacketAnalysisData-Verbose | Player: ZERA_ sent equal rotations.
[11:04:22.478] ZERA_ failed PacketAnalysis | Vl: 10 | TPS: 20.0 | Ping: 0
[11:04:22.527] PacketAnalysisData-Verbose | Player: ZERA_ sent equal rotations.
[11:04:22.528] ZERA_ failed PacketAnalysis | Vl: 11 | TPS: 20.0 | Ping: 0
[11:04:22.601] Executed command: aacstaffnotify ZERA_ in kitpvp is suspected by PacketAnalysis
[11:04:22.602] PacketAnalysisData-Verbose | Player: ZERA_ sent equal rotations.
[11:04:22.602] ZERA_ failed PacketAnalysis | Vl: 12 | TPS: 20.0 | Ping: 0
[11:04:22.632] PacketAnalysisData-Verbose | Player: ZERA_ sent equal rotations.
[11:04:22.632] ZERA_ failed PacketAnalysis | Vl: 13 | TPS: 20.0 | Ping: 0
[11:04:22.728] PacketAnalysisData-Verbose | Player: ZERA_ sent equal rotations.
[11:04:22.728] ZERA_ failed PacketAnalysis | Vl: 14 | TPS: 20.0 | Ping: 0
[11:04:22.778] PacketAnalysisData-Verbose | Player: ZERA_ sent equal rotations.
[11:04:22.779] ZERA_ failed PacketAnalysis | Vl: 15 | TPS: 20.0 | Ping: 0
[11:04:23.081] PacketAnalysisData-Verbose | Player: ZERA_ sent equal rotations.
[11:04:23.081] ZERA_ failed PacketAnalysis | Vl: 16 | TPS: 20.0 | Ping: 12
[11:04:23.131] PacketAnalysisData-Verbose | Player: ZERA_ sent equal rotations.
[11:04:23.131] ZERA_ failed PacketAnalysis | Vl: 17 | TPS: 20.0 | Ping: 12
[11:04:23.195] PacketAnalysisData-Verbose | Player: ZERA_ sent equal rotations.
[11:04:23.196] ZERA_ failed PacketAnalysis | Vl: 18 | TPS: 20.0 | Ping: 12
[11:04:23.236] Executed command: aacstaffnotify ZERA_ in kitpvp is highly suspected by PacketAnalysis
[11:04:23.237] PacketAnalysisData-Verbose | Player: ZERA_ sent equal rotations.
[11:04:23.237] ZERA_ failed PacketAnalysis | Vl: 19 | TPS: 20.0 | Ping: 12
[11:04:23.291] PacketAnalysisData-Verbose | Player: ZERA_ sent equal rotations.
[11:04:23.292] ZERA_ failed PacketAnalysis | Vl: 20 | TPS: 20.0 | Ping: 12
[11:04:23.331] PacketAnalysisData-Verbose | Player: ZERA_ sent equal rotations.
[11:04:23.331] ZERA_ failed PacketAnalysis | Vl: 21 | TPS: 20.0 | Ping: 12
[11:04:23.431] PacketAnalysisData-Verbose | Player: ZERA_ sent equal rotations.
[11:04:23.431] ZERA_ failed PacketAnalysis | Vl: 22 | TPS: 20.0 | Ping: 12
[11:04:23.481] PacketAnalysisData-Verbose | Player: ZERA_ sent equal rotations.
[11:04:23.481] ZERA_ failed PacketAnalysis | Vl: 23 | TPS: 20.0 | Ping: 12
[11:04:23.545] PacketAnalysisData-Verbose | Player: ZERA_ sent equal rotations.
[11:04:23.545] ZERA_ failed PacketAnalysis | Vl: 24 | TPS: 20.0 | Ping: 12
[11:04:23.586] PacketAnalysisData-Verbose | Player: ZERA_ sent equal rotations.
[11:04:23.587] ZERA_ failed PacketAnalysis | Vl: 25 | TPS: 20.0 | Ping: 12
[11:04:23.642] PacketAnalysisData-Verbose | Player: ZERA_ sent equal rotations.
[11:04:23.642] ZERA_ failed PacketAnalysis | Vl: 26 | TPS: 20.0 | Ping: 12
[11:04:23.682] PacketAnalysisData-Verbose | Player: ZERA_ sent equal rotations.
[11:04:23.682] ZERA_ failed PacketAnalysis | Vl: 27 | TPS: 20.0 | Ping: 12
[11:04:23.742] PacketAnalysisData-Verbose | Player: ZERA_ sent equal rotations.
[11:04:23.742] ZERA_ failed PacketAnalysis | Vl: 28 | TPS: 20.0 | Ping: 12
[11:04:23.825] Executed command: aackick ZERA_ Il tuo client ha inviatto pacchetti sospetti
[11:04:28.987] AACAdditionPro disabled.
[11:04:28.988]  
[11:05:16.658] BrandHider was chosen not to be enabled.
[11:05:16.667] LogBot was chosen not to be enabled.
[11:05:16.668] ClientControl.BetterSprinting was chosen not to be enabled.
[11:05:16.668] ClientControl.DamageIndicator was chosen not to be enabled.
[11:05:16.668] ClientControl.5zig was chosen not to be enabled.
[11:05:16.669] ClientControl.Forge was chosen not to be enabled.
[11:05:16.669] ClientControl.LabyMod was chosen not to be enabled.
[11:05:16.669] ClientControl.LiteLoader was chosen not to be enabled.
[11:05:16.670] ClientControl.OldLabyMod was chosen not to be enabled.
[11:05:16.670] ClientControl.PXMod was chosen not to be enabled.
[11:05:16.670] ClientControl.Schematica was chosen not to be enabled.
[11:05:16.671] ClientControl.Vape has been enabled.
[11:05:16.672] ClientControl.VersionControl was chosen not to be enabled.
[11:05:16.674] ClientControl.WorldDownloader has been enabled.
[11:05:16.675] AutoFish is not compatible with your server version.
[11:05:16.675] AutoPotion is not compatible with your server version.
[11:05:16.675] Esp was chosen not to be enabled.
[11:05:16.676] Fastswitch has been enabled.
[11:05:16.676] ImpossibleChat has been enabled.
[11:05:16.676] Inventory was chosen not to be enabled.
[11:05:16.677] KillauraEntity was chosen not to be enabled.
[11:05:16.677] PacketAnalysis was chosen not to be enabled.
[11:05:16.678] Pingspoof has been enabled.
[11:05:16.679] Scaffold has been enabled.
[11:05:16.679] Skinblinker has been enabled.
[11:05:16.679] Teaming was chosen not to be enabled.
[11:05:16.680] Tower has been enabled.
[11:14:46.061] AACAdditionPro disabled.
[11:14:46.062]  
[11:16:12.514] BrandHider was chosen not to be enabled.
[11:16:12.525] LogBot was chosen not to be enabled.
[11:16:12.525] ClientControl.BetterSprinting was chosen not to be enabled.
[11:16:12.526] ClientControl.DamageIndicator was chosen not to be enabled.
[11:16:12.526] ClientControl.5zig was chosen not to be enabled.
[11:16:12.526] ClientControl.Forge was chosen not to be enabled.
[11:16:12.527] ClientControl.LabyMod was chosen not to be enabled.
[11:16:12.527] ClientControl.LiteLoader was chosen not to be enabled.
[11:16:12.527] ClientControl.OldLabyMod was chosen not to be enabled.
[11:16:12.527] ClientControl.PXMod was chosen not to be enabled.
[11:16:12.528] ClientControl.Schematica was chosen not to be enabled.
[11:16:12.529] ClientControl.Vape has been enabled.
[11:16:12.529] ClientControl.VersionControl was chosen not to be enabled.
[11:16:12.531] ClientControl.WorldDownloader has been enabled.
[11:16:12.532] AutoFish is not compatible with your server version.
[11:16:12.532] AutoPotion is not compatible with your server version.
[11:16:12.533] Esp was chosen not to be enabled.
[11:16:12.534] Fastswitch has been enabled.
[11:16:12.534] ImpossibleChat has been enabled.
[11:16:12.535] Inventory was chosen not to be enabled.
[11:16:12.535] KillauraEntity was chosen not to be enabled.
[11:16:12.535] PacketAnalysis was chosen not to be enabled.
[11:16:12.536] Pingspoof has been enabled.
[11:16:12.537] Scaffold has been enabled.
[11:16:12.538] Skinblinker has been enabled.
[11:16:12.538] Teaming was chosen not to be enabled.
[11:16:12.539] Tower has been enabled.
[11:21:37.885] AACAdditionPro disabled.
[11:21:37.885]  
[11:21:57.059] BrandHider was chosen not to be enabled.
[11:21:57.068] LogBot was chosen not to be enabled.
[11:21:57.069] ClientControl.BetterSprinting was chosen not to be enabled.
[11:21:57.069] ClientControl.DamageIndicator was chosen not to be enabled.
[11:21:57.069] ClientControl.5zig was chosen not to be enabled.
[11:21:57.070] ClientControl.Forge was chosen not to be enabled.
[11:21:57.070] ClientControl.LabyMod was chosen not to be enabled.
[11:21:57.070] ClientControl.LiteLoader was chosen not to be enabled.
[11:21:57.070] ClientControl.OldLabyMod was chosen not to be enabled.
[11:21:57.070] ClientControl.PXMod was chosen not to be enabled.
[11:21:57.071] ClientControl.Schematica was chosen not to be enabled.
[11:21:57.072] ClientControl.Vape has been enabled.
[11:21:57.072] ClientControl.VersionControl was chosen not to be enabled.
[11:21:57.074] ClientControl.WorldDownloader has been enabled.
[11:21:57.074] AutoFish is not compatible with your server version.
[11:21:57.074] AutoPotion is not compatible with your server version.
[11:21:57.075] Esp was chosen not to be enabled.
[11:21:57.076] Fastswitch has been enabled.
[11:21:57.076] ImpossibleChat has been enabled.
[11:21:57.076] Inventory was chosen not to be enabled.
[11:21:57.077] KillauraEntity was chosen not to be enabled.
[11:21:57.077] PacketAnalysis was chosen not to be enabled.
[11:21:57.078] Pingspoof has been enabled.
[11:21:57.079] Scaffold has been enabled.
[11:21:57.079] Skinblinker has been enabled.
[11:21:57.080] Teaming was chosen not to be enabled.
[11:21:57.081] Tower has been enabled.
[11:23:51.913] AACAdditionPro disabled.
[11:23:51.913]  
[11:25:44.136] BrandHider was chosen not to be enabled.
[11:25:44.146] LogBot was chosen not to be enabled.
[11:25:44.146] ClientControl.BetterSprinting was chosen not to be enabled.
[11:25:44.147] ClientControl.DamageIndicator was chosen not to be enabled.
[11:25:44.147] ClientControl.5zig was chosen not to be enabled.
[11:25:44.147] ClientControl.Forge was chosen not to be enabled.
[11:25:44.148] ClientControl.LabyMod was chosen not to be enabled.
[11:25:44.149] ClientControl.LiteLoader was chosen not to be enabled.
[11:25:44.149] ClientControl.OldLabyMod was chosen not to be enabled.
[11:25:44.149] ClientControl.PXMod was chosen not to be enabled.
[11:25:44.149] ClientControl.Schematica was chosen not to be enabled.
[11:25:44.151] ClientControl.Vape has been enabled.
[11:25:44.151] ClientControl.VersionControl was chosen not to be enabled.
[11:25:44.154] ClientControl.WorldDownloader has been enabled.
[11:25:44.155] AutoFish is not compatible with your server version.
[11:25:44.155] AutoPotion is not compatible with your server version.
[11:25:44.155] Esp was chosen not to be enabled.
[11:25:44.156] Fastswitch has been enabled.
[11:25:44.156] ImpossibleChat has been enabled.
[11:25:44.157] Inventory was chosen not to be enabled.
[11:25:44.157] KillauraEntity was chosen not to be enabled.
[11:25:44.157] PacketAnalysis was chosen not to be enabled.
[11:25:44.159] Pingspoof has been enabled.
[11:25:44.160] Scaffold has been enabled.
[11:25:44.160] Skinblinker has been enabled.
[11:25:44.161] Teaming was chosen not to be enabled.
[11:25:44.161] Tower has been enabled.
[11:29:04.585] AACAdditionPro disabled.
[11:29:04.586]  
[11:29:23.370] BrandHider was chosen not to be enabled.
[11:29:23.378] LogBot was chosen not to be enabled.
[11:29:23.379] ClientControl.BetterSprinting was chosen not to be enabled.
[11:29:23.379] ClientControl.DamageIndicator was chosen not to be enabled.
[11:29:23.380] ClientControl.5zig was chosen not to be enabled.
[11:29:23.380] ClientControl.Forge was chosen not to be enabled.
[11:29:23.380] ClientControl.LabyMod was chosen not to be enabled.
[11:29:23.380] ClientControl.LiteLoader was chosen not to be enabled.
[11:29:23.381] ClientControl.OldLabyMod was chosen not to be enabled.
[11:29:23.381] ClientControl.PXMod was chosen not to be enabled.
[11:29:23.381] ClientControl.Schematica was chosen not to be enabled.
[11:29:23.383] ClientControl.Vape has been enabled.
[11:29:23.383] ClientControl.VersionControl was chosen not to be enabled.
[11:29:23.385] ClientControl.WorldDownloader has been enabled.
[11:29:23.385] AutoFish is not compatible with your server version.
[11:29:23.385] AutoPotion is not compatible with your server version.
[11:29:23.386] Esp was chosen not to be enabled.
[11:29:23.387] Fastswitch has been enabled.
[11:29:23.387] ImpossibleChat has been enabled.
[11:29:23.387] Inventory was chosen not to be enabled.
[11:29:23.388] KillauraEntity was chosen not to be enabled.
[11:29:23.388] PacketAnalysis was chosen not to be enabled.
[11:29:23.389] Pingspoof has been enabled.
[11:29:23.391] Scaffold has been enabled.
[11:29:23.391] Skinblinker has been enabled.
[11:29:23.391] Teaming was chosen not to be enabled.
[11:29:23.392] Tower has been enabled.
[11:33:44.685] AACAdditionPro disabled.
[11:33:44.685]  
[11:35:24.335] BrandHider was chosen not to be enabled.
[11:35:24.344] LogBot was chosen not to be enabled.
[11:35:24.344] ClientControl.BetterSprinting was chosen not to be enabled.
[11:35:24.345] ClientControl.DamageIndicator was chosen not to be enabled.
[11:35:24.345] ClientControl.5zig was chosen not to be enabled.
[11:35:24.345] ClientControl.Forge was chosen not to be enabled.
[11:35:24.346] ClientControl.LabyMod was chosen not to be enabled.
[11:35:24.346] ClientControl.LiteLoader was chosen not to be enabled.
[11:35:24.347] ClientControl.OldLabyMod was chosen not to be enabled.
[11:35:24.347] ClientControl.PXMod was chosen not to be enabled.
[11:35:24.347] ClientControl.Schematica was chosen not to be enabled.
[11:35:24.348] ClientControl.Vape has been enabled.
[11:35:24.349] ClientControl.VersionControl was chosen not to be enabled.
[11:35:24.351] ClientControl.WorldDownloader has been enabled.
[11:35:24.351] AutoFish is not compatible with your server version.
[11:35:24.352] AutoPotion is not compatible with your server version.
[11:35:24.352] Esp was chosen not to be enabled.
[11:35:24.353] Fastswitch has been enabled.
[11:35:24.353] ImpossibleChat has been enabled.
[11:35:24.353] Inventory was chosen not to be enabled.
[11:35:24.354] KillauraEntity was chosen not to be enabled.
[11:35:24.354] PacketAnalysis was chosen not to be enabled.
[11:35:24.355] Pingspoof has been enabled.
[11:35:24.356] Scaffold has been enabled.
[11:35:24.357] Skinblinker has been enabled.
[11:35:24.357] Teaming was chosen not to be enabled.
[11:35:24.358] Tower has been enabled.
[11:36:39.887] AACAdditionPro disabled.
[11:36:39.888]  
[11:37:44.900] BrandHider was chosen not to be enabled.
[11:37:44.909] LogBot was chosen not to be enabled.
[11:37:44.909] ClientControl.BetterSprinting was chosen not to be enabled.
[11:37:44.910] ClientControl.DamageIndicator was chosen not to be enabled.
[11:37:44.910] ClientControl.5zig was chosen not to be enabled.
[11:37:44.910] ClientControl.Forge was chosen not to be enabled.
[11:37:44.910] ClientControl.LabyMod was chosen not to be enabled.
[11:37:44.911] ClientControl.LiteLoader was chosen not to be enabled.
[11:37:44.911] ClientControl.OldLabyMod was chosen not to be enabled.
[11:37:44.911] ClientControl.PXMod was chosen not to be enabled.
[11:37:44.911] ClientControl.Schematica was chosen not to be enabled.
[11:37:44.913] ClientControl.Vape has been enabled.
[11:37:44.913] ClientControl.VersionControl was chosen not to be enabled.
[11:37:44.916] ClientControl.WorldDownloader has been enabled.
[11:37:44.917] AutoFish is not compatible with your server version.
[11:37:44.917] AutoPotion is not compatible with your server version.
[11:37:44.918] Esp was chosen not to be enabled.
[11:37:44.919] Fastswitch has been enabled.
[11:37:44.920] ImpossibleChat has been enabled.
[11:37:44.920] Inventory was chosen not to be enabled.
[11:37:44.920] KillauraEntity was chosen not to be enabled.
[11:37:44.921] PacketAnalysis was chosen not to be enabled.
[11:37:44.922] Pingspoof has been enabled.
[11:37:44.923] Scaffold has been enabled.
[11:37:44.923] Skinblinker has been enabled.
[11:37:44.923] Teaming was chosen not to be enabled.
[11:37:44.924] Tower has been enabled.
[11:38:57.195] AACAdditionPro disabled.
[11:38:57.197]  
[11:39:54.277] BrandHider was chosen not to be enabled.
[11:39:54.287] LogBot was chosen not to be enabled.
[11:39:54.288] ClientControl.BetterSprinting was chosen not to be enabled.
[11:39:54.288] ClientControl.DamageIndicator was chosen not to be enabled.
[11:39:54.289] ClientControl.5zig was chosen not to be enabled.
[11:39:54.289] ClientControl.Forge was chosen not to be enabled.
[11:39:54.290] ClientControl.LabyMod was chosen not to be enabled.
[11:39:54.290] ClientControl.LiteLoader was chosen not to be enabled.
[11:39:54.291] ClientControl.OldLabyMod was chosen not to be enabled.
[11:39:54.291] ClientControl.PXMod was chosen not to be enabled.
[11:39:54.292] ClientControl.Schematica was chosen not to be enabled.
[11:39:54.294] ClientControl.Vape has been enabled.
[11:39:54.294] ClientControl.VersionControl was chosen not to be enabled.
[11:39:54.297] ClientControl.WorldDownloader has been enabled.
[11:39:54.298] AutoFish is not compatible with your server version.
[11:39:54.298] AutoPotion is not compatible with your server version.
[11:39:54.299] Esp was chosen not to be enabled.
[11:39:54.300] Fastswitch has been enabled.
[11:39:54.300] ImpossibleChat has been enabled.
[11:39:54.300] Inventory was chosen not to be enabled.
[11:39:54.301] KillauraEntity was chosen not to be enabled.
[11:39:54.301] PacketAnalysis was chosen not to be enabled.
[11:39:54.303] Pingspoof has been enabled.
[11:39:54.305] Scaffold has been enabled.
[11:39:54.306] Skinblinker has been enabled.
[11:39:54.306] Teaming was chosen not to be enabled.
[11:39:54.307] Tower has been enabled.
[11:40:15.118] AACAdditionPro disabled.
[11:40:15.118]  
[11:40:59.623] BrandHider was chosen not to be enabled.
[11:40:59.633] LogBot was chosen not to be enabled.
[11:40:59.633] ClientControl.BetterSprinting was chosen not to be enabled.
[11:40:59.633] ClientControl.DamageIndicator was chosen not to be enabled.
[11:40:59.634] ClientControl.5zig was chosen not to be enabled.
[11:40:59.634] ClientControl.Forge was chosen not to be enabled.
[11:40:59.634] ClientControl.LabyMod was chosen not to be enabled.
[11:40:59.634] ClientControl.LiteLoader was chosen not to be enabled.
[11:40:59.634] ClientControl.OldLabyMod was chosen not to be enabled.
[11:40:59.635] ClientControl.PXMod was chosen not to be enabled.
[11:40:59.635] ClientControl.Schematica was chosen not to be enabled.
[11:40:59.636] ClientControl.Vape has been enabled.
[11:40:59.636] ClientControl.VersionControl was chosen not to be enabled.
[11:40:59.639] ClientControl.WorldDownloader has been enabled.
[11:40:59.639] AutoFish is not compatible with your server version.
[11:40:59.640] AutoPotion is not compatible with your server version.
[11:40:59.640] Esp was chosen not to be enabled.
[11:40:59.641] Fastswitch has been enabled.
[11:40:59.641] ImpossibleChat has been enabled.
[11:40:59.642] Inventory was chosen not to be enabled.
[11:40:59.642] KillauraEntity was chosen not to be enabled.
[11:40:59.642] PacketAnalysis was chosen not to be enabled.
[11:40:59.643] Pingspoof has been enabled.
[11:40:59.644] Scaffold has been enabled.
[11:40:59.645] Skinblinker has been enabled.
[11:40:59.645] Teaming was chosen not to be enabled.
[11:40:59.646] Tower has been enabled.
[11:41:24.071] AACAdditionPro disabled.
[11:41:24.071]  
[11:42:05.194] BrandHider was chosen not to be enabled.
[11:42:05.203] LogBot was chosen not to be enabled.
[11:42:05.203] ClientControl.BetterSprinting was chosen not to be enabled.
[11:42:05.204] ClientControl.DamageIndicator was chosen not to be enabled.
[11:42:05.204] ClientControl.5zig was chosen not to be enabled.
[11:42:05.204] ClientControl.Forge was chosen not to be enabled.
[11:42:05.205] ClientControl.LabyMod was chosen not to be enabled.
[11:42:05.205] ClientControl.LiteLoader was chosen not to be enabled.
[11:42:05.205] ClientControl.OldLabyMod was chosen not to be enabled.
[11:42:05.206] ClientControl.PXMod was chosen not to be enabled.
[11:42:05.206] ClientControl.Schematica was chosen not to be enabled.
[11:42:05.207] ClientControl.Vape has been enabled.
[11:42:05.208] ClientControl.VersionControl was chosen not to be enabled.
[11:42:05.210] ClientControl.WorldDownloader has been enabled.
[11:42:05.210] AutoFish is not compatible with your server version.
[11:42:05.210] AutoPotion is not compatible with your server version.
[11:42:05.211] Esp was chosen not to be enabled.
[11:42:05.212] Fastswitch has been enabled.
[11:42:05.212] ImpossibleChat has been enabled.
[11:42:05.212] Inventory was chosen not to be enabled.
[11:42:05.213] KillauraEntity was chosen not to be enabled.
[11:42:05.213] PacketAnalysis was chosen not to be enabled.
[11:42:05.214] Pingspoof has been enabled.
[11:42:05.215] Scaffold has been enabled.
[11:42:05.216] Skinblinker has been enabled.
[11:42:05.216] Teaming was chosen not to be enabled.
[11:42:05.217] Tower has been enabled.
[11:42:26.924] AACAdditionPro disabled.
[11:42:26.925]  
[11:47:31.113] BrandHider was chosen not to be enabled.
[11:47:31.122] LogBot was chosen not to be enabled.
[11:47:31.122] ClientControl.BetterSprinting was chosen not to be enabled.
[11:47:31.122] ClientControl.DamageIndicator was chosen not to be enabled.
[11:47:31.123] ClientControl.5zig was chosen not to be enabled.
[11:47:31.123] ClientControl.Forge was chosen not to be enabled.
[11:47:31.123] ClientControl.LabyMod was chosen not to be enabled.
[11:47:31.123] ClientControl.LiteLoader was chosen not to be enabled.
[11:47:31.123] ClientControl.OldLabyMod was chosen not to be enabled.
[11:47:31.124] ClientControl.PXMod was chosen not to be enabled.
[11:47:31.124] ClientControl.Schematica was chosen not to be enabled.
[11:47:31.126] ClientControl.Vape has been enabled.
[11:47:31.126] ClientControl.VersionControl was chosen not to be enabled.
[11:47:31.128] ClientControl.WorldDownloader has been enabled.
[11:47:31.128] AutoFish is not compatible with your server version.
[11:47:31.129] AutoPotion is not compatible with your server version.
[11:47:31.129] Esp was chosen not to be enabled.
[11:47:31.130] Fastswitch has been enabled.
[11:47:31.131] ImpossibleChat has been enabled.
[11:47:31.131] Inventory was chosen not to be enabled.
[11:47:31.131] KillauraEntity was chosen not to be enabled.
[11:47:31.132] PacketAnalysis was chosen not to be enabled.
[11:47:31.133] Pingspoof has been enabled.
[11:47:31.134] Scaffold has been enabled.
[11:47:31.134] Skinblinker has been enabled.
[11:47:31.134] Teaming was chosen not to be enabled.
[11:47:31.135] Tower has been enabled.
[11:47:43.079] AACAdditionPro disabled.
[11:47:43.079]  
[11:48:09.274] BrandHider was chosen not to be enabled.
[11:48:09.283] LogBot was chosen not to be enabled.
[11:48:09.283] ClientControl.BetterSprinting was chosen not to be enabled.
[11:48:09.283] ClientControl.DamageIndicator was chosen not to be enabled.
[11:48:09.283] ClientControl.5zig was chosen not to be enabled.
[11:48:09.284] ClientControl.Forge was chosen not to be enabled.
[11:48:09.284] ClientControl.LabyMod was chosen not to be enabled.
[11:48:09.284] ClientControl.LiteLoader was chosen not to be enabled.
[11:48:09.284] ClientControl.OldLabyMod was chosen not to be enabled.
[11:48:09.284] ClientControl.PXMod was chosen not to be enabled.
[11:48:09.284] ClientControl.Schematica was chosen not to be enabled.
[11:48:09.286] ClientControl.Vape has been enabled.
[11:48:09.286] ClientControl.VersionControl was chosen not to be enabled.
[11:48:09.288] ClientControl.WorldDownloader has been enabled.
[11:48:09.289] AutoFish is not compatible with your server version.
[11:48:09.289] AutoPotion is not compatible with your server version.
[11:48:09.289] Esp was chosen not to be enabled.
[11:48:09.290] Fastswitch has been enabled.
[11:48:09.290] ImpossibleChat has been enabled.
[11:48:09.291] Inventory was chosen not to be enabled.
[11:48:09.291] KillauraEntity was chosen not to be enabled.
[11:48:09.291] PacketAnalysis was chosen not to be enabled.
[11:48:09.293] Pingspoof has been enabled.
[11:48:09.294] Scaffold has been enabled.
[11:48:09.295] Skinblinker has been enabled.
[11:48:09.295] Teaming was chosen not to be enabled.
[11:48:09.296] Tower has been enabled.
[11:49:20.855] AACAdditionPro disabled.
[11:49:20.855]  
[11:50:220000] BrandHider was chosen not to be enabled.
[11:50:22.009] LogBot was chosen not to be enabled.
[11:50:22.010] ClientControl.BetterSprinting was chosen not to be enabled.
[11:50:22.010] ClientControl.DamageIndicator was chosen not to be enabled.
[11:50:22.011] ClientControl.5zig was chosen not to be enabled.
[11:50:22.011] ClientControl.Forge was chosen not to be enabled.
[11:50:22.012] ClientControl.LabyMod was chosen not to be enabled.
[11:50:22.012] ClientControl.LiteLoader was chosen not to be enabled.
[11:50:22.012] ClientControl.OldLabyMod was chosen not to be enabled.
[11:50:22.013] ClientControl.PXMod was chosen not to be enabled.
[11:50:22.013] ClientControl.Schematica was chosen not to be enabled.
[11:50:22.016] ClientControl.Vape has been enabled.
[11:50:22.016] ClientControl.VersionControl was chosen not to be enabled.
[11:50:22.019] ClientControl.WorldDownloader has been enabled.
[11:50:22.019] AutoFish is not compatible with your server version.
[11:50:22.020] AutoPotion is not compatible with your server version.
[11:50:22.020] Esp was chosen not to be enabled.
[11:50:22.022] Fastswitch has been enabled.
[11:50:22.022] ImpossibleChat has been enabled.
[11:50:22.022] Inventory was chosen not to be enabled.
[11:50:22.023] KillauraEntity was chosen not to be enabled.
[11:50:22.023] PacketAnalysis was chosen not to be enabled.
[11:50:22.025] Pingspoof has been enabled.
[11:50:22.027] Scaffold has been enabled.
[11:50:22.028] Skinblinker has been enabled.
[11:50:22.028] Teaming was chosen not to be enabled.
[11:50:22.029] Tower has been enabled.
[11:50:54.495] AACAdditionPro disabled.
[11:50:54.495]  
[11:52:01.473] BrandHider was chosen not to be enabled.
[11:52:01.481] LogBot was chosen not to be enabled.
[11:52:01.482] ClientControl.BetterSprinting was chosen not to be enabled.
[11:52:01.482] ClientControl.DamageIndicator was chosen not to be enabled.
[11:52:01.482] ClientControl.5zig was chosen not to be enabled.
[11:52:01.483] ClientControl.Forge was chosen not to be enabled.
[11:52:01.483] ClientControl.LabyMod was chosen not to be enabled.
[11:52:01.483] ClientControl.LiteLoader was chosen not to be enabled.
[11:52:01.483] ClientControl.OldLabyMod was chosen not to be enabled.
[11:52:01.484] ClientControl.PXMod was chosen not to be enabled.
[11:52:01.484] ClientControl.Schematica was chosen not to be enabled.
[11:52:01.485] ClientControl.Vape has been enabled.
[11:52:01.485] ClientControl.VersionControl was chosen not to be enabled.
[11:52:01.487] ClientControl.WorldDownloader has been enabled.
[11:52:01.488] AutoFish is not compatible with your server version.
[11:52:01.488] AutoPotion is not compatible with your server version.
[11:52:01.488] Esp was chosen not to be enabled.
[11:52:01.489] Fastswitch has been enabled.
[11:52:01.490] ImpossibleChat has been enabled.
[11:52:01.490] Inventory was chosen not to be enabled.
[11:52:01.490] KillauraEntity was chosen not to be enabled.
[11:52:01.491] PacketAnalysis was chosen not to be enabled.
[11:52:01.492] Pingspoof has been enabled.
[11:52:01.494] Scaffold has been enabled.
[11:52:01.494] Skinblinker has been enabled.
[11:52:01.494] Teaming was chosen not to be enabled.
[11:52:01.495] Tower has been enabled.
[11:52:32.250] AACAdditionPro disabled.
[11:52:32.250]  
[11:54:34.769] BrandHider was chosen not to be enabled.
[11:54:34.779] LogBot was chosen not to be enabled.
[11:54:34.779] ClientControl.BetterSprinting was chosen not to be enabled.
[11:54:34.780] ClientControl.DamageIndicator was chosen not to be enabled.
[11:54:34.780] ClientControl.5zig was chosen not to be enabled.
[11:54:34.781] ClientControl.Forge was chosen not to be enabled.
[11:54:34.781] ClientControl.LabyMod was chosen not to be enabled.
[11:54:34.781] ClientControl.LiteLoader was chosen not to be enabled.
[11:54:34.781] ClientControl.OldLabyMod was chosen not to be enabled.
[11:54:34.782] ClientControl.PXMod was chosen not to be enabled.
[11:54:34.782] ClientControl.Schematica was chosen not to be enabled.
[11:54:34.783] ClientControl.Vape has been enabled.
[11:54:34.784] ClientControl.VersionControl was chosen not to be enabled.
[11:54:34.786] ClientControl.WorldDownloader has been enabled.
[11:54:34.787] AutoFish is not compatible with your server version.
[11:54:34.787] AutoPotion is not compatible with your server version.
[11:54:34.788] Esp was chosen not to be enabled.
[11:54:34.789] Fastswitch has been enabled.
[11:54:34.789] ImpossibleChat has been enabled.
[11:54:34.789] Inventory was chosen not to be enabled.
[11:54:34.790] KillauraEntity was chosen not to be enabled.
[11:54:34.790] PacketAnalysis was chosen not to be enabled.
[11:54:34.792] Pingspoof has been enabled.
[11:54:34.793] Scaffold has been enabled.
[11:54:34.794] Skinblinker has been enabled.
[11:54:34.794] Teaming was chosen not to be enabled.
[11:54:34.795] Tower has been enabled.
[11:55:08.556] AACAdditionPro disabled.
[11:55:08.556]  
[11:57:36.666] BrandHider was chosen not to be enabled.
[11:57:36.675] LogBot was chosen not to be enabled.
[11:57:36.675] ClientControl.BetterSprinting was chosen not to be enabled.
[11:57:36.676] ClientControl.DamageIndicator was chosen not to be enabled.
[11:57:36.676] ClientControl.5zig was chosen not to be enabled.
[11:57:36.677] ClientControl.Forge was chosen not to be enabled.
[11:57:36.677] ClientControl.LabyMod was chosen not to be enabled.
[11:57:36.677] ClientControl.LiteLoader was chosen not to be enabled.
[11:57:36.678] ClientControl.OldLabyMod was chosen not to be enabled.
[11:57:36.678] ClientControl.PXMod was chosen not to be enabled.
[11:57:36.678] ClientControl.Schematica was chosen not to be enabled.
[11:57:36.680] ClientControl.Vape has been enabled.
[11:57:36.680] ClientControl.VersionControl was chosen not to be enabled.
[11:57:36.684] ClientControl.WorldDownloader has been enabled.
[11:57:36.684] AutoFish is not compatible with your server version.
[11:57:36.685] AutoPotion is not compatible with your server version.
[11:57:36.685] Esp was chosen not to be enabled.
[11:57:36.686] Fastswitch has been enabled.
[11:57:36.686] ImpossibleChat has been enabled.
[11:57:36.686] Inventory was chosen not to be enabled.
[11:57:36.686] KillauraEntity was chosen not to be enabled.
[11:57:36.687] PacketAnalysis was chosen not to be enabled.
[11:57:36.688] Pingspoof has been enabled.
[11:57:36.690] Scaffold has been enabled.
[11:57:36.690] Skinblinker has been enabled.
[11:57:36.691] Teaming was chosen not to be enabled.
[11:57:36.691] Tower has been enabled.
[12:01:11.970] AACAdditionPro disabled.
[12:01:11.971]  
[12:02:06.764] BrandHider was chosen not to be enabled.
[12:02:06.773] LogBot was chosen not to be enabled.
[12:02:06.773] ClientControl.BetterSprinting was chosen not to be enabled.
[12:02:06.774] ClientControl.DamageIndicator was chosen not to be enabled.
[12:02:06.774] ClientControl.5zig was chosen not to be enabled.
[12:02:06.774] ClientControl.Forge was chosen not to be enabled.
[12:02:06.774] ClientControl.LabyMod was chosen not to be enabled.
[12:02:06.775] ClientControl.LiteLoader was chosen not to be enabled.
[12:02:06.775] ClientControl.OldLabyMod was chosen not to be enabled.
[12:02:06.775] ClientControl.PXMod was chosen not to be enabled.
[12:02:06.775] ClientControl.Schematica was chosen not to be enabled.
[12:02:06.777] ClientControl.Vape has been enabled.
[12:02:06.777] ClientControl.VersionControl was chosen not to be enabled.
[12:02:06.779] ClientControl.WorldDownloader has been enabled.
[12:02:06.779] AutoFish is not compatible with your server version.
[12:02:06.779] AutoPotion is not compatible with your server version.
[12:02:06.779] Esp was chosen not to be enabled.
[12:02:06.780] Fastswitch has been enabled.
[12:02:06.781] ImpossibleChat has been enabled.
[12:02:06.781] Inventory was chosen not to be enabled.
[12:02:06.782] KillauraEntity was chosen not to be enabled.
[12:02:06.782] PacketAnalysis was chosen not to be enabled.
[12:02:06.783] Pingspoof has been enabled.
[12:02:06.784] Scaffold has been enabled.
[12:02:06.784] Skinblinker has been enabled.
[12:02:06.785] Teaming was chosen not to be enabled.
[12:02:06.785] Tower has been enabled.
[12:04:56.583] AACAdditionPro disabled.
[12:04:56.583]  
[12:07:50.630] BrandHider was chosen not to be enabled.
[12:07:50.642] LogBot was chosen not to be enabled.
[12:07:50.643] ClientControl.BetterSprinting was chosen not to be enabled.
[12:07:50.643] ClientControl.DamageIndicator was chosen not to be enabled.
[12:07:50.644] ClientControl.5zig was chosen not to be enabled.
[12:07:50.644] ClientControl.Forge was chosen not to be enabled.
[12:07:50.645] ClientControl.LabyMod was chosen not to be enabled.
[12:07:50.645] ClientControl.LiteLoader was chosen not to be enabled.
[12:07:50.646] ClientControl.OldLabyMod was chosen not to be enabled.
[12:07:50.646] ClientControl.PXMod was chosen not to be enabled.
[12:07:50.647] ClientControl.Schematica was chosen not to be enabled.
[12:07:50.649] ClientControl.Vape has been enabled.
[12:07:50.650] ClientControl.VersionControl was chosen not to be enabled.
[12:07:50.652] ClientControl.WorldDownloader has been enabled.
[12:07:50.653] AutoFish is not compatible with your server version.
[12:07:50.653] AutoPotion is not compatible with your server version.
[12:07:50.654] Esp was chosen not to be enabled.
[12:07:50.655] Fastswitch has been enabled.
[12:07:50.655] ImpossibleChat has been enabled.
[12:07:50.655] Inventory was chosen not to be enabled.
[12:07:50.656] KillauraEntity was chosen not to be enabled.
[12:07:50.656] PacketAnalysis was chosen not to be enabled.
[12:07:50.657] Pingspoof has been enabled.
[12:07:50.658] Scaffold has been enabled.
[12:07:50.658] Skinblinker has been enabled.
[12:07:50.659] Teaming was chosen not to be enabled.
[12:07:50.660] Tower has been enabled.
[12:09:03.686] AACAdditionPro disabled.
[12:09:03.687]  
[12:10:40.640] BrandHider was chosen not to be enabled.
[12:10:40.649] LogBot was chosen not to be enabled.
[12:10:40.650] ClientControl.BetterSprinting was chosen not to be enabled.
[12:10:40.650] ClientControl.DamageIndicator was chosen not to be enabled.
[12:10:40.650] ClientControl.5zig was chosen not to be enabled.
[12:10:40.650] ClientControl.Forge was chosen not to be enabled.
[12:10:40.651] ClientControl.LabyMod was chosen not to be enabled.
[12:10:40.652] ClientControl.LiteLoader was chosen not to be enabled.
[12:10:40.652] ClientControl.OldLabyMod was chosen not to be enabled.
[12:10:40.652] ClientControl.PXMod was chosen not to be enabled.
[12:10:40.652] ClientControl.Schematica was chosen not to be enabled.
[12:10:40.654] ClientControl.Vape has been enabled.
[12:10:40.654] ClientControl.VersionControl was chosen not to be enabled.
[12:10:40.658] ClientControl.WorldDownloader has been enabled.
[12:10:40.658] AutoFish is not compatible with your server version.
[12:10:40.658] AutoPotion is not compatible with your server version.
[12:10:40.658] Esp was chosen not to be enabled.
[12:10:40.660] Fastswitch has been enabled.
[12:10:40.661] ImpossibleChat has been enabled.
[12:10:40.661] Inventory was chosen not to be enabled.
[12:10:40.662] KillauraEntity was chosen not to be enabled.
[12:10:40.663] PacketAnalysis was chosen not to be enabled.
[12:10:40.664] Pingspoof has been enabled.
[12:10:40.665] Scaffold has been enabled.
[12:10:40.665] Skinblinker has been enabled.
[12:10:40.666] Teaming was chosen not to be enabled.
[12:10:40.667] Tower has been enabled.
[12:12:24.980] AACAdditionPro disabled.
[12:12:24.980]  
[12:13:58.893] BrandHider was chosen not to be enabled.
[12:13:58.902] LogBot was chosen not to be enabled.
[12:13:58.902] ClientControl.BetterSprinting was chosen not to be enabled.
[12:13:58.902] ClientControl.DamageIndicator was chosen not to be enabled.
[12:13:58.903] ClientControl.5zig was chosen not to be enabled.
[12:13:58.903] ClientControl.Forge was chosen not to be enabled.
[12:13:58.903] ClientControl.LabyMod was chosen not to be enabled.
[12:13:58.903] ClientControl.LiteLoader was chosen not to be enabled.
[12:13:58.904] ClientControl.OldLabyMod was chosen not to be enabled.
[12:13:58.904] ClientControl.PXMod was chosen not to be enabled.
[12:13:58.905] ClientControl.Schematica was chosen not to be enabled.
[12:13:58.906] ClientControl.Vape has been enabled.
[12:13:58.906] ClientControl.VersionControl was chosen not to be enabled.
[12:13:58.910] ClientControl.WorldDownloader has been enabled.
[12:13:58.910] AutoFish is not compatible with your server version.
[12:13:58.911] AutoPotion is not compatible with your server version.
[12:13:58.911] Esp was chosen not to be enabled.
[12:13:58.914] Fastswitch has been enabled.
[12:13:58.914] ImpossibleChat has been enabled.
[12:13:58.914] Inventory was chosen not to be enabled.
[12:13:58.915] KillauraEntity was chosen not to be enabled.
[12:13:58.916] PacketAnalysis has been enabled.
[12:13:58.918] Pingspoof has been enabled.
[12:13:58.919] Scaffold has been enabled.
[12:13:58.919] Skinblinker has been enabled.
[12:13:58.920] Teaming was chosen not to be enabled.
[12:13:58.920] Tower has been enabled.
[12:14:35.959] PacketAnalysisData-Verbose | Player: ZERA_ sent equal rotations.
[12:14:35.962] ZERA_ failed PacketAnalysis | Vl: 1 | TPS: 20.0 | Ping: 0
[12:15:39.847] AACAdditionPro disabled.
[12:15:39.847]  
[12:16:12.413] BrandHider was chosen not to be enabled.
[12:16:12.423] LogBot was chosen not to be enabled.
[12:16:12.424] ClientControl.BetterSprinting was chosen not to be enabled.
[12:16:12.424] ClientControl.DamageIndicator was chosen not to be enabled.
[12:16:12.424] ClientControl.5zig was chosen not to be enabled.
[12:16:12.424] ClientControl.Forge was chosen not to be enabled.
[12:16:12.425] ClientControl.LabyMod was chosen not to be enabled.
[12:16:12.425] ClientControl.LiteLoader was chosen not to be enabled.
[12:16:12.425] ClientControl.OldLabyMod was chosen not to be enabled.
[12:16:12.425] ClientControl.PXMod was chosen not to be enabled.
[12:16:12.425] ClientControl.Schematica was chosen not to be enabled.
[12:16:12.427] ClientControl.Vape has been enabled.
[12:16:12.427] ClientControl.VersionControl was chosen not to be enabled.
[12:16:12.429] ClientControl.WorldDownloader has been enabled.
[12:16:12.429] AutoFish is not compatible with your server version.
[12:16:12.429] AutoPotion is not compatible with your server version.
[12:16:12.430] Esp was chosen not to be enabled.
[12:16:12.431] Fastswitch has been enabled.
[12:16:12.432] ImpossibleChat has been enabled.
[12:16:12.432] Inventory was chosen not to be enabled.
[12:16:12.433] KillauraEntity was chosen not to be enabled.
[12:16:12.435] PacketAnalysis has been enabled.
[12:16:12.437] Pingspoof has been enabled.
[12:16:12.438] Scaffold has been enabled.
[12:16:12.438] Skinblinker has been enabled.
[12:16:12.439] Teaming was chosen not to be enabled.
[12:16:12.439] Tower has been enabled.
[12:16:51.634] PacketAnalysisData-Verbose | Player: ZERA_ sent equal rotations.
[12:16:51.637] ZERA_ failed PacketAnalysis | Vl: 1 | TPS: 20.0 | Ping: 0
[12:21:59.726] AACAdditionPro disabled.
[12:21:59.727]  
[12:22:21.459] BrandHider was chosen not to be enabled.
[12:22:21.467] LogBot was chosen not to be enabled.
[12:22:21.468] ClientControl.BetterSprinting was chosen not to be enabled.
[12:22:21.468] ClientControl.DamageIndicator was chosen not to be enabled.
[12:22:21.468] ClientControl.5zig was chosen not to be enabled.
[12:22:21.469] ClientControl.Forge was chosen not to be enabled.
[12:22:21.469] ClientControl.LabyMod was chosen not to be enabled.
[12:22:21.469] ClientControl.LiteLoader was chosen not to be enabled.
[12:22:21.469] ClientControl.OldLabyMod was chosen not to be enabled.
[12:22:21.470] ClientControl.PXMod was chosen not to be enabled.
[12:22:21.470] ClientControl.Schematica was chosen not to be enabled.
[12:22:21.472] ClientControl.Vape has been enabled.
[12:22:21.472] ClientControl.VersionControl was chosen not to be enabled.
[12:22:21.474] ClientControl.WorldDownloader has been enabled.
[12:22:21.475] AutoFish is not compatible with your server version.
[12:22:21.475] AutoPotion is not compatible with your server version.
[12:22:21.475] Esp was chosen not to be enabled.
[12:22:21.477] Fastswitch has been enabled.
[12:22:21.478] ImpossibleChat has been enabled.
[12:22:21.478] Inventory was chosen not to be enabled.
[12:22:21.478] KillauraEntity was chosen not to be enabled.
[12:22:21.480] PacketAnalysis has been enabled.
[12:22:21.481] Pingspoof has been enabled.
[12:22:21.483] Scaffold has been enabled.
[12:22:21.484] Skinblinker has been enabled.
[12:22:21.484] Teaming was chosen not to be enabled.
[12:22:21.484] Tower has been enabled.
[12:22:31.895] PacketAnalysisData-Verbose | Player: ZERA_ sent unregistered KeepAlive packet.
[12:22:31.900] ZERA_ failed PacketAnalysis | Vl: 20 | TPS: 20.0 | Ping: 0
[12:22:31.914] Executed command: aacstaffnotify ZERA_ in spawn is highly suspected by PacketAnalysis
[12:22:31.932] Executed command: aacstaffnotify ZERA_ in spawn is suspected by PacketAnalysis
[12:23:03.120] AACAdditionPro disabled.
[12:23:03.121]  
[12:24:35.680] BrandHider was chosen not to be enabled.
[12:24:35.688] LogBot was chosen not to be enabled.
[12:24:35.688] ClientControl.BetterSprinting was chosen not to be enabled.
[12:24:35.689] ClientControl.DamageIndicator was chosen not to be enabled.
[12:24:35.689] ClientControl.5zig was chosen not to be enabled.
[12:24:35.689] ClientControl.Forge was chosen not to be enabled.
[12:24:35.689] ClientControl.LabyMod was chosen not to be enabled.
[12:24:35.689] ClientControl.LiteLoader was chosen not to be enabled.
[12:24:35.690] ClientControl.OldLabyMod was chosen not to be enabled.
[12:24:35.690] ClientControl.PXMod was chosen not to be enabled.
[12:24:35.690] ClientControl.Schematica was chosen not to be enabled.
[12:24:35.692] ClientControl.Vape has been enabled.
[12:24:35.692] ClientControl.VersionControl was chosen not to be enabled.
[12:24:35.694] ClientControl.WorldDownloader has been enabled.
[12:24:35.695] AutoFish is not compatible with your server version.
[12:24:35.695] AutoPotion is not compatible with your server version.
[12:24:35.696] Esp was chosen not to be enabled.
[12:24:35.697] Fastswitch has been enabled.
[12:24:35.698] ImpossibleChat has been enabled.
[12:24:35.698] Inventory was chosen not to be enabled.
[12:24:35.699] KillauraEntity was chosen not to be enabled.
[12:24:35.701] PacketAnalysis has been enabled.
[12:24:35.702] Pingspoof has been enabled.
[12:24:35.704] Scaffold has been enabled.
[12:24:35.704] Skinblinker has been enabled.
[12:24:35.705] Teaming was chosen not to be enabled.
[12:24:35.705] Tower has been enabled.
[12:27:29.414] BrandHider was chosen not to be enabled.
[12:27:29.424] LogBot was chosen not to be enabled.
[12:27:29.424] ClientControl.BetterSprinting was chosen not to be enabled.
[12:27:29.424] ClientControl.DamageIndicator was chosen not to be enabled.
[12:27:29.425] ClientControl.5zig was chosen not to be enabled.
[12:27:29.425] ClientControl.Forge was chosen not to be enabled.
[12:27:29.425] ClientControl.LabyMod was chosen not to be enabled.
[12:27:29.426] ClientControl.LiteLoader was chosen not to be enabled.
[12:27:29.426] ClientControl.OldLabyMod was chosen not to be enabled.
[12:27:29.426] ClientControl.PXMod was chosen not to be enabled.
[12:27:29.427] ClientControl.Schematica was chosen not to be enabled.
[12:27:29.429] ClientControl.Vape has been enabled.
[12:27:29.429] ClientControl.VersionControl was chosen not to be enabled.
[12:27:29.431] ClientControl.WorldDownloader has been enabled.
[12:27:29.432] AutoFish is not compatible with your server version.
[12:27:29.432] AutoPotion is not compatible with your server version.
[12:27:29.433] Esp was chosen not to be enabled.
[12:27:29.435] Fastswitch has been enabled.
[12:27:29.436] ImpossibleChat has been enabled.
[12:27:29.436] Inventory was chosen not to be enabled.
[12:27:29.436] KillauraEntity was chosen not to be enabled.
[12:27:29.438] PacketAnalysis has been enabled.
[12:27:29.440] Pingspoof has been enabled.
[12:27:29.442] Scaffold has been enabled.
[12:27:29.443] Skinblinker has been enabled.
[12:27:29.444] Teaming was chosen not to be enabled.
[12:27:29.444] Tower has been enabled.
[12:28:16.929] AACAdditionPro disabled.
[12:28:16.929]  
