Beginning log for ZERA_ (71d6c242-d0b0-30b9-9635-bce9cb6764aa)
Hack: FastSneak (1024/1281)
Timing: Instant
Date: 12:53:51 PM CEST - 08/16/2019
Time elapsed: 1.75 minutes
Hack Score: 0.16100626535392584

Total amount of checks
InventoryMove#1: 1
AutoArmor#1: 3
FastSneak#1: 7

Joined server [1.95 minutes]

World change from spawn to kitpvp [1.89 minutes]

Flagged InventoryMove#1 | VL: 0 (+10) TPS: 19.6 [1.75 minutes]
Flagged AutoArmor#1     | VL: 0 (+100) TPS: 19.6 [1.75 minutes]
Flagged AutoArmor#1     | VL: 93 (+100) TPS: 20.0 [1.53 minutes]
Flagged AutoArmor#1     | VL: 180 (+100) TPS: 20.0 [1.24 minutes]

Quit server [1.14 minutes]

Joined server [40.72 seconds]

World change from spawn to FlagWars [35.92 seconds]

Flagged FastSneak#1     | VL: 0 (+100) TPS: 20.0 [304 ms]
Flagged FastSneak#1     | VL: 100 (+148) TPS: 20.0 [253 ms]
Flagged FastSneak#1     | VL: 248 (+167) TPS: 20.0 [203 ms]

BANWAVE FastSneak#1     | VL: 415 (+160) TPS: 20.0 [152 ms]
BANWAVE Log ID: 7KI9G6XIK36K4SM6

Flagged FastSneak#1     | VL: 575 (+154) TPS: 20.0 [102 ms]
Flagged FastSneak#1     | VL: 729 (+149) TPS: 20.0 [51 ms]
Flagged FastSneak#1     | VL: 878 (+146) TPS: 20.0 [1 millisecond]

Banning ZERA_ for FastSneak (VL: 1024)
